#
# There is insufficient memory for the Java Runtime Environment to continue.
# Native memory allocation (malloc) failed to allocate 1075536 bytes for Chunk::new
# Possible reasons:
#   The system is out of physical RAM or swap space
#   In 32 bit mode, the process size limit was hit
# Possible solutions:
#   Reduce memory load on the system
#   Increase physical memory or swap space
#   Check if swap backing store is full
#   Use 64 bit Java on a 64 bit OS
#   Decrease Java heap size (-Xmx/-Xms)
#   Decrease number of Java threads
#   Decrease Java thread stack sizes (-Xss)
#   Set larger code cache with -XX:ReservedCodeCacheSize=
# This output file may be truncated or incomplete.
#
#  Out of Memory Error (allocation.cpp:390), pid=9224, tid=0x000000000000274c
#
# JRE version: OpenJDK Runtime Environment (8.0_152-b01) (build 1.8.0_152-release-1136-b01)
# Java VM: OpenJDK 64-Bit Server VM (25.152-b01 mixed mode windows-amd64 compressed oops)
# Failed to write core dump. Minidumps are not enabled by default on client versions of Windows
#

---------------  T H R E A D  ---------------

Current thread (0x00000000161dd000):  JavaThread "C2 CompilerThread1" daemon [_thread_in_native, id=10060, stack(0x0000000017960000,0x0000000017a60000)]

Stack: [0x0000000017960000,0x0000000017a60000]
[error occurred during error reporting (printing stack bounds), id 0xc0000005]

Native frames: (J=compiled Java code, j=interpreted, Vv=VM code, C=native code)


Current CompileTask:
C2:3846734 17681       4       org.jetbrains.kotlin.serialization.deserialization.descriptors.DeserializedMemberScope::<init> (801 bytes)


---------------  P R O C E S S  ---------------

Java Threads: ( => current thread )
  0x000000002099f800 JavaThread "RMI RenewClean-[localhost:61478,org.jetbrains.kotlin.daemon.common.LoopbackNetworkInterface$ClientLoopbackSocketFactory@6e99c48]" daemon [_thread_blocked, id=10140, stack(0x00000000217c0000,0x00000000218c0000)]
  0x0000000020999800 JavaThread "RMI TCP Connection(5)-127.0.0.1" daemon [_thread_in_native, id=6620, stack(0x00000000216c0000,0x00000000217c0000)]
  0x0000000018165000 JavaThread "RMI Scheduler(0)" daemon [_thread_blocked, id=10364, stack(0x00000000195e0000,0x00000000196e0000)]
  0x0000000002682800 JavaThread "DestroyJavaVM" [_thread_blocked, id=2296, stack(0x0000000002540000,0x0000000002640000)]
  0x000000001836f800 JavaThread "GC Daemon" daemon [_thread_blocked, id=8404, stack(0x00000000190a0000,0x00000000191a0000)]
  0x000000001836d800 JavaThread "RMI Reaper" [_thread_blocked, id=1416, stack(0x0000000018fa0000,0x00000000190a0000)]
  0x00000000181bd800 JavaThread "Timer-0" daemon [_thread_blocked, id=6752, stack(0x0000000018da0000,0x0000000018ea0000)]
  0x000000001838c800 JavaThread "RMI TCP Accept-17079" daemon [_thread_in_native, id=5704, stack(0x0000000018ca0000,0x0000000018da0000)]
  0x0000000017b80800 JavaThread "Service Thread" daemon [_thread_blocked, id=9808, stack(0x0000000017f60000,0x0000000018060000)]
  0x00000000161e2000 JavaThread "C1 CompilerThread2" daemon [_thread_blocked, id=4316, stack(0x0000000017a60000,0x0000000017b60000)]
=>0x00000000161dd000 JavaThread "C2 CompilerThread1" daemon [_thread_in_native, id=10060, stack(0x0000000017960000,0x0000000017a60000)]
  0x00000000161e9800 JavaThread "C2 CompilerThread0" daemon [_thread_blocked, id=8704, stack(0x0000000017860000,0x0000000017960000)]
  0x00000000161e7800 JavaThread "Attach Listener" daemon [_thread_blocked, id=9768, stack(0x0000000017760000,0x0000000017860000)]
  0x00000000161e6000 JavaThread "Signal Dispatcher" daemon [_thread_blocked, id=2896, stack(0x0000000017660000,0x0000000017760000)]
  0x000000000277c800 JavaThread "Finalizer" daemon [_thread_blocked, id=3956, stack(0x0000000017470000,0x0000000017570000)]
  0x0000000002773000 JavaThread "Reference Handler" daemon [_thread_blocked, id=4696, stack(0x0000000017370000,0x0000000017470000)]

Other Threads:
  0x00000000161a5800 VMThread [stack: 0x0000000017270000,0x0000000017370000] [id=7528]
  0x0000000017b81000 WatcherThread [stack: 0x0000000018060000,0x0000000018160000] [id=5620]

VM state:not at safepoint (normal execution)

VM Mutex/Monitor currently owned by a thread: None

Heap:
 PSYoungGen      total 196096K, used 69602K [0x00000000e0000000, 0x00000000ef800000, 0x0000000100000000)
  eden space 151552K, 33% used [0x00000000e0000000,0x00000000e31a7b38,0x00000000e9400000)
  from space 44544K, 42% used [0x00000000ecc80000,0x00000000eded0e00,0x00000000ef800000)
  to   space 34304K, 0% used [0x00000000e9400000,0x00000000e9400000,0x00000000eb580000)
 ParOldGen       total 188416K, used 96141K [0x00000000a0000000, 0x00000000ab800000, 0x00000000e0000000)
  object space 188416K, 51% used [0x00000000a0000000,0x00000000a5de34a0,0x00000000ab800000)
 Metaspace       used 63666K, capacity 64934K, committed 65024K, reserved 1107968K
  class space    used 7116K, capacity 7376K, committed 7424K, reserved 1048576K

Card table byte_map: [0x0000000011c30000,0x0000000011f40000] byte_map_base: 0x0000000011730000

Marking Bits: (ParMarkBitMap*) 0x0000000062d55aa0
 Begin Bits: [0x0000000012540000, 0x0000000013d40000)
 End Bits:   [0x0000000013d40000, 0x0000000015540000)

Polling page: 0x0000000000c60000

CodeCache: size=245760Kb used=51353Kb max_used=52068Kb free=194406Kb
 bounds [0x0000000002870000, 0x0000000005b90000, 0x0000000011870000]
 total_blobs=14708 nmethods=14167 adapters=452
 compilation: enabled

Compilation events (10 events):
Event: 3845.657 Thread 0x00000000161e9800 17684       4       org.jetbrains.kotlin.metadata.ProtoBuf$Annotation$Builder::build (5 bytes)
Event: 3845.658 Thread 0x00000000161e2000 17685       3       org.jetbrains.kotlin.metadata.ProtoBuf$TypeAlias::hasUnderlyingType (16 bytes)
Event: 3845.658 Thread 0x00000000161e2000 nmethod 17685 0x00000000038dad50 code [0x00000000038daea0, 0x00000000038db050]
Event: 3845.658 Thread 0x00000000161e2000 17686       3       org.jetbrains.kotlin.metadata.ProtoBuf$TypeAlias::hasExpandedType (18 bytes)
Event: 3845.658 Thread 0x00000000161e2000 nmethod 17686 0x0000000003c7a390 code [0x0000000003c7a4e0, 0x0000000003c7a690]
Event: 3845.660 Thread 0x00000000161e2000 17687       3       org.jetbrains.kotlin.resolve.jvm.checkers.JvmSimpleNameBacktickChecker::checkNamed (40 bytes)
Event: 3845.660 Thread 0x00000000161e2000 nmethod 17687 0x00000000038d5cd0 code [0x00000000038d5e80, 0x00000000038d6328]
Event: 3845.668 Thread 0x00000000161e9800 nmethod 17684 0x0000000003b91110 code [0x0000000003b912e0, 0x0000000003b91928]
Event: 3845.668 Thread 0x00000000161e9800 17688       4       org.jetbrains.kotlin.utils.SmartList::add (149 bytes)
Event: 3845.671 Thread 0x00000000161e9800 nmethod 17688 0x00000000039f0710 code [0x00000000039f0860, 0x00000000039f0bf8]

GC Heap History (10 events):
Event: 3789.444 GC heap before
{Heap before GC invocations=32 (full 6):
 PSYoungGen      total 162304K, used 155648K [0x00000000e0000000, 0x00000000ed300000, 0x0000000100000000)
  eden space 155648K, 100% used [0x00000000e0000000,0x00000000e9800000,0x00000000e9800000)
  from space 6656K, 0% used [0x00000000e9800000,0x00000000e9800000,0x00000000e9e80000)
  to   space 30208K, 0% used [0x00000000eb580000,0x00000000eb580000,0x00000000ed300000)
 ParOldGen       total 188416K, used 15327K [0x00000000a0000000, 0x00000000ab800000, 0x00000000e0000000)
  object space 188416K, 8% used [0x00000000a0000000,0x00000000a0ef7e20,0x00000000ab800000)
 Metaspace       used 62232K, capacity 63468K, committed 63744K, reserved 1105920K
  class space    used 7057K, capacity 7329K, committed 7424K, reserved 1048576K
Event: 3789.702 GC heap after
Heap after GC invocations=32 (full 6):
 PSYoungGen      total 181760K, used 27775K [0x00000000e0000000, 0x00000000eea00000, 0x0000000100000000)
  eden space 151552K, 0% used [0x00000000e0000000,0x00000000e0000000,0x00000000e9400000)
  from space 30208K, 91% used [0x00000000eb580000,0x00000000ed09fe00,0x00000000ed300000)
  to   space 34304K, 0% used [0x00000000e9400000,0x00000000e9400000,0x00000000eb580000)
 ParOldGen       total 188416K, used 15335K [0x00000000a0000000, 0x00000000ab800000, 0x00000000e0000000)
  object space 188416K, 8% used [0x00000000a0000000,0x00000000a0ef9e20,0x00000000ab800000)
 Metaspace       used 62232K, capacity 63468K, committed 63744K, reserved 1105920K
  class space    used 7057K, capacity 7329K, committed 7424K, reserved 1048576K
}
Event: 3797.891 GC heap before
{Heap before GC invocations=33 (full 6):
 PSYoungGen      total 181760K, used 179327K [0x00000000e0000000, 0x00000000eea00000, 0x0000000100000000)
  eden space 151552K, 100% used [0x00000000e0000000,0x00000000e9400000,0x00000000e9400000)
  from space 30208K, 91% used [0x00000000eb580000,0x00000000ed09fe00,0x00000000ed300000)
  to   space 34304K, 0% used [0x00000000e9400000,0x00000000e9400000,0x00000000eb580000)
 ParOldGen       total 188416K, used 15335K [0x00000000a0000000, 0x00000000ab800000, 0x00000000e0000000)
  object space 188416K, 8% used [0x00000000a0000000,0x00000000a0ef9e20,0x00000000ab800000)
 Metaspace       used 62495K, capacity 63690K, committed 64000K, reserved 1105920K
  class space    used 7062K, capacity 7332K, committed 7424K, reserved 1048576K
Event: 3798.079 GC heap after
Heap after GC invocations=33 (full 6):
 PSYoungGen      total 185856K, used 34273K [0x00000000e0000000, 0x00000000ef800000, 0x0000000100000000)
  eden space 151552K, 0% used [0x00000000e0000000,0x00000000e0000000,0x00000000e9400000)
  from space 34304K, 99% used [0x00000000e9400000,0x00000000eb5784a0,0x00000000eb580000)
  to   space 44544K, 0% used [0x00000000ecc80000,0x00000000ecc80000,0x00000000ef800000)
 ParOldGen       total 188416K, used 27467K [0x00000000a0000000, 0x00000000ab800000, 0x00000000e0000000)
  object space 188416K, 14% used [0x00000000a0000000,0x00000000a1ad2da0,0x00000000ab800000)
 Metaspace       used 62495K, capacity 63690K, committed 64000K, reserved 1105920K
  class space    used 7062K, capacity 7332K, committed 7424K, reserved 1048576K
}
Event: 3801.732 GC heap before
{Heap before GC invocations=34 (full 6):
 PSYoungGen      total 185856K, used 185825K [0x00000000e0000000, 0x00000000ef800000, 0x0000000100000000)
  eden space 151552K, 100% used [0x00000000e0000000,0x00000000e9400000,0x00000000e9400000)
  from space 34304K, 99% used [0x00000000e9400000,0x00000000eb5784a0,0x00000000eb580000)
  to   space 44544K, 0% used [0x00000000ecc80000,0x00000000ecc80000,0x00000000ef800000)
 ParOldGen       total 188416K, used 27467K [0x00000000a0000000, 0x00000000ab800000, 0x00000000e0000000)
  object space 188416K, 14% used [0x00000000a0000000,0x00000000a1ad2da0,0x00000000ab800000)
 Metaspace       used 62725K, capacity 63954K, committed 64256K, reserved 1105920K
  class space    used 7062K, capacity 7332K, committed 7424K, reserved 1048576K
Event: 3801.988 GC heap after
Heap after GC invocations=34 (full 6):
 PSYoungGen      total 196096K, used 44530K [0x00000000e0000000, 0x00000000ef800000, 0x0000000100000000)
  eden space 151552K, 0% used [0x00000000e0000000,0x00000000e0000000,0x00000000e9400000)
  from space 44544K, 99% used [0x00000000ecc80000,0x00000000ef7fca68,0x00000000ef800000)
  to   space 34304K, 0% used [0x00000000e9400000,0x00000000e9400000,0x00000000eb580000)
 ParOldGen       total 188416K, used 51617K [0x00000000a0000000, 0x00000000ab800000, 0x00000000e0000000)
  object space 188416K, 27% used [0x00000000a0000000,0x00000000a3268450,0x00000000ab800000)
 Metaspace       used 62725K, capacity 63954K, committed 64256K, reserved 1105920K
  class space    used 7062K, capacity 7332K, committed 7424K, reserved 1048576K
}
Event: 3805.895 GC heap before
{Heap before GC invocations=35 (full 6):
 PSYoungGen      total 196096K, used 196082K [0x00000000e0000000, 0x00000000ef800000, 0x0000000100000000)
  eden space 151552K, 100% used [0x00000000e0000000,0x00000000e9400000,0x00000000e9400000)
  from space 44544K, 99% used [0x00000000ecc80000,0x00000000ef7fca68,0x00000000ef800000)
  to   space 34304K, 0% used [0x00000000e9400000,0x00000000e9400000,0x00000000eb580000)
 ParOldGen       total 188416K, used 51617K [0x00000000a0000000, 0x00000000ab800000, 0x00000000e0000000)
  object space 188416K, 27% used [0x00000000a0000000,0x00000000a3268450,0x00000000ab800000)
 Metaspace       used 63073K, capacity 64274K, committed 64512K, reserved 1105920K
  class space    used 7076K, capacity 7332K, committed 7424K, reserved 1048576K
Event: 3806.130 GC heap after
Heap after GC invocations=35 (full 6):
 PSYoungGen      total 185856K, used 29208K [0x00000000e0000000, 0x00000000ef800000, 0x0000000100000000)
  eden space 151552K, 0% used [0x00000000e0000000,0x00000000e0000000,0x00000000e9400000)
  from space 34304K, 85% used [0x00000000e9400000,0x00000000eb0863f0,0x00000000eb580000)
  to   space 44544K, 0% used [0x00000000ecc80000,0x00000000ecc80000,0x00000000ef800000)
 ParOldGen       total 188416K, used 83541K [0x00000000a0000000, 0x00000000ab800000, 0x00000000e0000000)
  object space 188416K, 44% used [0x00000000a0000000,0x00000000a51954a0,0x00000000ab800000)
 Metaspace       used 63073K, capacity 64274K, committed 64512K, reserved 1105920K
  class space    used 7076K, capacity 7332K, committed 7424K, reserved 1048576K
}
Event: 3812.500 GC heap before
{Heap before GC invocations=36 (full 6):
 PSYoungGen      total 185856K, used 180760K [0x00000000e0000000, 0x00000000ef800000, 0x0000000100000000)
  eden space 151552K, 100% used [0x00000000e0000000,0x00000000e9400000,0x00000000e9400000)
  from space 34304K, 85% used [0x00000000e9400000,0x00000000eb0863f0,0x00000000eb580000)
  to   space 44544K, 0% used [0x00000000ecc80000,0x00000000ecc80000,0x00000000ef800000)
 ParOldGen       total 188416K, used 83541K [0x00000000a0000000, 0x00000000ab800000, 0x00000000e0000000)
  object space 188416K, 44% used [0x00000000a0000000,0x00000000a51954a0,0x00000000ab800000)
 Metaspace       used 63259K, capacity 64482K, committed 64768K, reserved 1105920K
  class space    used 7078K, capacity 7334K, committed 7424K, reserved 1048576K
Event: 3812.793 GC heap after
Heap after GC invocations=36 (full 6):
 PSYoungGen      total 196096K, used 18755K [0x00000000e0000000, 0x00000000ef800000, 0x0000000100000000)
  eden space 151552K, 0% used [0x00000000e0000000,0x00000000e0000000,0x00000000e9400000)
  from space 44544K, 42% used [0x00000000ecc80000,0x00000000eded0e00,0x00000000ef800000)
  to   space 34304K, 0% used [0x00000000e9400000,0x00000000e9400000,0x00000000eb580000)
 ParOldGen       total 188416K, used 96141K [0x00000000a0000000, 0x00000000ab800000, 0x00000000e0000000)
  object space 188416K, 51% used [0x00000000a0000000,0x00000000a5de34a0,0x00000000ab800000)
 Metaspace       used 63259K, capacity 64482K, committed 64768K, reserved 1105920K
  class space    used 7078K, capacity 7334K, committed 7424K, reserved 1048576K
}

Deoptimization events (10 events):
Event: 3807.463 Thread 0x0000000020999800 Uncommon trap: reason=bimorphic action=maybe_recompile pc=0x0000000003391694 method=org.jetbrains.kotlin.protobuf.CodedOutputStream.refreshBuffer()V @ 28
Event: 3808.981 Thread 0x0000000020999800 Uncommon trap: reason=unstable_if action=reinterpret pc=0x0000000002aa7c88 method=org.jetbrains.kotlin.com.intellij.util.io.IntToIntBtree$BtreeIndexNodeView.isFull()Z @ 22
Event: 3811.067 Thread 0x0000000020999800 Uncommon trap: reason=unstable_if action=reinterpret pc=0x0000000002e78574 method=org.jetbrains.kotlin.incremental.ProtoDifferenceUtilsKt.isPrivate(Lorg/jetbrains/kotlin/protobuf/MessageLite;)Z @ 41
Event: 3813.905 Thread 0x0000000020999800 Uncommon trap: reason=bimorphic action=maybe_recompile pc=0x0000000002fb46c0 method=kotlin.collections.CollectionsKt___CollectionsKt.singleOrNull(Ljava/util/List;)Ljava/lang/Object; @ 18
Event: 3831.569 Thread 0x0000000020999800 Uncommon trap: reason=class_check action=maybe_recompile pc=0x0000000003210930 method=org.jetbrains.kotlin.parsing.AbstractKotlinParsing.advance()V @ 4
Event: 3839.371 Thread 0x0000000020999800 Uncommon trap: reason=predicate action=maybe_recompile pc=0x00000000032460c0 method=com.sun.org.apache.xerces.internal.parsers.AbstractSAXParser.startNamespaceMapping()V @ 27
Event: 3845.275 Thread 0x0000000020999800 Uncommon trap: reason=class_check action=maybe_recompile pc=0x00000000034a7c28 method=org.jetbrains.kotlin.load.java.lazy.LazyJavaTypeParameterResolver.<init>(Lorg/jetbrains/kotlin/load/java/lazy/LazyJavaResolverContext;Lorg/jetbrains/kotlin/descriptors/D
Event: 3845.338 Thread 0x0000000020999800 Uncommon trap: reason=class_check action=maybe_recompile pc=0x00000000034a7c28 method=org.jetbrains.kotlin.load.java.lazy.LazyJavaTypeParameterResolver.<init>(Lorg/jetbrains/kotlin/load/java/lazy/LazyJavaResolverContext;Lorg/jetbrains/kotlin/descriptors/D
Event: 3845.446 Thread 0x0000000020999800 Uncommon trap: reason=class_check action=maybe_recompile pc=0x00000000034a7c28 method=org.jetbrains.kotlin.load.java.lazy.LazyJavaTypeParameterResolver.<init>(Lorg/jetbrains/kotlin/load/java/lazy/LazyJavaResolverContext;Lorg/jetbrains/kotlin/descriptors/D
Event: 3845.551 Thread 0x0000000020999800 Uncommon trap: reason=class_check action=maybe_recompile pc=0x00000000045e0064 method=org.jetbrains.kotlin.com.intellij.psi.impl.source.PsiFileImpl.getModificationStamp()J @ 1

Classes redefined (0 events):
No events

Internal exceptions (10 events):
Event: 3746.863 Thread 0x0000000020999800 Exception <a 'sun/nio/fs/WindowsException'> (0x00000000e0aa3cd8) thrown at [D:\src\AOSP-openjdk-cygwin\jdk8u\hotspot\src\share\vm\prims\jni.cpp, line 709]
Event: 3746.863 Thread 0x0000000020999800 Exception <a 'java/io/FileNotFoundException'> (0x00000000e0aa5328) thrown at [D:\src\AOSP-openjdk-cygwin\jdk8u\hotspot\src\share\vm\prims\jni.cpp, line 709]
Event: 3746.863 Thread 0x0000000020999800 Exception <a 'java/io/FileNotFoundException'> (0x00000000e0aa6990) thrown at [D:\src\AOSP-openjdk-cygwin\jdk8u\hotspot\src\share\vm\prims\jni.cpp, line 709]
Event: 3782.703 Thread 0x0000000020999800 Implicit null exception at 0x0000000002dc60dd to 0x0000000002dce271
Event: 3790.293 Thread 0x0000000020999800 Implicit null exception at 0x0000000004504f9f to 0x0000000004508745
Event: 3812.900 Thread 0x0000000020999800 Exception <a 'java/io/FileNotFoundException'> (0x00000000e01249b8) thrown at [D:\src\AOSP-openjdk-cygwin\jdk8u\hotspot\src\share\vm\prims\jni.cpp, line 709]
Event: 3812.900 Thread 0x0000000020999800 Exception <a 'sun/nio/fs/WindowsException'> (0x00000000e0125e28) thrown at [D:\src\AOSP-openjdk-cygwin\jdk8u\hotspot\src\share\vm\prims\jni.cpp, line 709]
Event: 3812.923 Thread 0x0000000020999800 Exception <a 'sun/nio/fs/WindowsException'> (0x00000000e0129860) thrown at [D:\src\AOSP-openjdk-cygwin\jdk8u\hotspot\src\share\vm\prims\jni.cpp, line 709]
Event: 3812.924 Thread 0x0000000020999800 Exception <a 'java/io/FileNotFoundException'> (0x00000000e012aae0) thrown at [D:\src\AOSP-openjdk-cygwin\jdk8u\hotspot\src\share\vm\prims\jni.cpp, line 709]
Event: 3812.924 Thread 0x0000000020999800 Exception <a 'java/io/FileNotFoundException'> (0x00000000e012c148) thrown at [D:\src\AOSP-openjdk-cygwin\jdk8u\hotspot\src\share\vm\prims\jni.cpp, line 709]

Events (10 events):
Event: 3845.446 Thread 0x0000000020999800 Uncommon trap: trap_request=0xffffffde fr.pc=0x00000000034a7c28
Event: 3845.446 Thread 0x0000000020999800 DEOPT PACKING pc=0x00000000034a7c28 sp=0x00000000217b8fe0
Event: 3845.446 Thread 0x0000000020999800 DEOPT UNPACKING pc=0x00000000028b557b sp=0x00000000217b8f98 mode 2
Event: 3845.550 Thread 0x0000000020999800 Uncommon trap: trap_request=0xffffffde fr.pc=0x00000000045e0064
Event: 3845.551 Thread 0x0000000020999800 DEOPT PACKING pc=0x00000000045e0064 sp=0x00000000217bb350
Event: 3845.551 Thread 0x0000000020999800 DEOPT UNPACKING pc=0x00000000028b557b sp=0x00000000217bb2d0 mode 2
Event: 3845.638 loading class org/jetbrains/kotlin/android/parcel/ParcelableResolveExtension$generateSyntheticMethods$1
Event: 3845.638 loading class org/jetbrains/kotlin/android/parcel/ParcelableResolveExtension$generateSyntheticMethods$1 done
Event: 3845.638 loading class org/jetbrains/kotlin/android/parcel/ParcelableSyntheticComponent$ComponentKind
Event: 3845.638 loading class org/jetbrains/kotlin/android/parcel/ParcelableSyntheticComponent$ComponentKind done


Dynamic libraries:
0x00007ff64b510000 - 0x00007ff64b541000 	D:\Admin\Other\android-studio\jre\jre\bin\java.exe
0x00007ffc95b90000 - 0x00007ffc95d71000 	C:\WINDOWS\SYSTEM32\ntdll.dll
0x00007ffc93de0000 - 0x00007ffc93e92000 	C:\WINDOWS\System32\KERNEL32.DLL
0x00007ffc92910000 - 0x00007ffc92b83000 	C:\WINDOWS\System32\KERNELBASE.dll
0x00007ffc959b0000 - 0x00007ffc95a51000 	C:\WINDOWS\System32\ADVAPI32.dll
0x00007ffc93190000 - 0x00007ffc9322e000 	C:\WINDOWS\System32\msvcrt.dll
0x00007ffc95a60000 - 0x00007ffc95abb000 	C:\WINDOWS\System32\sechost.dll
0x00007ffc935c0000 - 0x00007ffc936e4000 	C:\WINDOWS\System32\RPCRT4.dll
0x00007ffc93340000 - 0x00007ffc934d0000 	C:\WINDOWS\System32\USER32.dll
0x00007ffc927f0000 - 0x00007ffc92810000 	C:\WINDOWS\System32\win32u.dll
0x00007ffc95870000 - 0x00007ffc95898000 	C:\WINDOWS\System32\GDI32.dll
0x00007ffc92b90000 - 0x00007ffc92d22000 	C:\WINDOWS\System32\gdi32full.dll
0x00007ffc91f60000 - 0x00007ffc91fff000 	C:\WINDOWS\System32\msvcp_win.dll
0x00007ffc92810000 - 0x00007ffc9290a000 	C:\WINDOWS\System32\ucrtbase.dll
0x00007ffc7ec40000 - 0x00007ffc7eea9000 	C:\WINDOWS\WinSxS\amd64_microsoft.windows.common-controls_6595b64144ccf1df_6.0.17134.112_none_fb3f961b30681c12\COMCTL32.dll
0x00007ffc93ea0000 - 0x00007ffc941c3000 	C:\WINDOWS\System32\combase.dll
0x00007ffc92770000 - 0x00007ffc927ea000 	C:\WINDOWS\System32\bcryptPrimitives.dll
0x00007ffc93230000 - 0x00007ffc9325d000 	C:\WINDOWS\System32\IMM32.DLL
0x00000000623d0000 - 0x00000000624a2000 	D:\Admin\Other\android-studio\jre\jre\bin\msvcr100.dll
0x0000000062590000 - 0x0000000062dd1000 	D:\Admin\Other\android-studio\jre\jre\bin\server\jvm.dll
0x00007ffc95990000 - 0x00007ffc95998000 	C:\WINDOWS\System32\PSAPI.DLL
0x00007ffc81bf0000 - 0x00007ffc81bf9000 	C:\WINDOWS\SYSTEM32\WSOCK32.dll
0x00007ffc8e930000 - 0x00007ffc8e953000 	C:\WINDOWS\SYSTEM32\WINMM.dll
0x00007ffc86440000 - 0x00007ffc8644a000 	C:\WINDOWS\SYSTEM32\VERSION.dll
0x00007ffc93bf0000 - 0x00007ffc93c5c000 	C:\WINDOWS\System32\WS2_32.dll
0x00007ffc8e900000 - 0x00007ffc8e92a000 	C:\WINDOWS\SYSTEM32\WINMMBASE.dll
0x00007ffc92fd0000 - 0x00007ffc93019000 	C:\WINDOWS\System32\cfgmgr32.dll
0x00007ffc8ede0000 - 0x00007ffc8edef000 	D:\Admin\Other\android-studio\jre\jre\bin\verify.dll
0x00007ffc89320000 - 0x00007ffc89349000 	D:\Admin\Other\android-studio\jre\jre\bin\java.dll
0x00007ffc8b310000 - 0x00007ffc8b326000 	D:\Admin\Other\android-studio\jre\jre\bin\zip.dll
0x00007ffc94230000 - 0x00007ffc95670000 	C:\WINDOWS\System32\SHELL32.dll
0x00007ffc936f0000 - 0x00007ffc93799000 	C:\WINDOWS\System32\shcore.dll
0x00007ffc92000000 - 0x00007ffc9270d000 	C:\WINDOWS\System32\windows.storage.dll
0x00007ffc941d0000 - 0x00007ffc94221000 	C:\WINDOWS\System32\shlwapi.dll
0x00007ffc91f40000 - 0x00007ffc91f51000 	C:\WINDOWS\System32\kernel.appcore.dll
0x00007ffc91ea0000 - 0x00007ffc91ebf000 	C:\WINDOWS\System32\profapi.dll
0x00007ffc91ec0000 - 0x00007ffc91f0c000 	C:\WINDOWS\System32\powrprof.dll
0x00007ffc91f10000 - 0x00007ffc91f1a000 	C:\WINDOWS\System32\FLTLIB.DLL
0x00007ffc8edd0000 - 0x00007ffc8eddd000 	D:\Admin\Other\android-studio\jre\jre\bin\management.dll
0x00007ffc8a1b0000 - 0x00007ffc8a1ca000 	D:\Admin\Other\android-studio\jre\jre\bin\net.dll
0x00007ffc916c0000 - 0x00007ffc91726000 	C:\WINDOWS\system32\mswsock.dll
0x00007ffc89c20000 - 0x00007ffc89c31000 	D:\Admin\Other\android-studio\jre\jre\bin\nio.dll
0x00007ffc91870000 - 0x00007ffc91887000 	C:\WINDOWS\SYSTEM32\CRYPTSP.dll
0x00007ffc912a0000 - 0x00007ffc912d3000 	C:\WINDOWS\system32\rsaenh.dll
0x00007ffc919a0000 - 0x00007ffc919c5000 	C:\WINDOWS\SYSTEM32\bcrypt.dll
0x00007ffc91da0000 - 0x00007ffc91dc8000 	C:\WINDOWS\SYSTEM32\USERENV.dll
0x00007ffc91890000 - 0x00007ffc9189b000 	C:\WINDOWS\SYSTEM32\CRYPTBASE.dll
0x00007ffc91440000 - 0x00007ffc91478000 	C:\WINDOWS\SYSTEM32\IPHLPAPI.DLL
0x00007ffc93180000 - 0x00007ffc93188000 	C:\WINDOWS\System32\NSI.dll
0x00007ffc876b0000 - 0x00007ffc876c6000 	C:\WINDOWS\SYSTEM32\dhcpcsvc6.DLL
0x00007ffc886f0000 - 0x00007ffc8870a000 	C:\WINDOWS\SYSTEM32\dhcpcsvc.DLL

VM Arguments:
jvm_args: -Djava.awt.headless=true -Djava.rmi.server.hostname=localhost -Xmx1536m -Dkotlin.environment.keepalive 
java_command: org.jetbrains.kotlin.daemon.KotlinCompileDaemon --daemon-runFilesPath C:\Users\Admin\AppData\Local\kotlin\daemon --daemon-autoshutdownIdleSeconds=7200 --daemon-compilerClasspath C:\Users\Admin\.gradle\caches\modules-2\files-2.1\org.jetbrains.kotlin\kotlin-compiler-embeddable\1.2.51\205147cc6c2dcbe7d9d71125fe315b14b8a14be4\kotlin-compiler-embeddable-1.2.51.jar;C:\Users\Admin\.gradle\caches\modules-2\files-2.1\org.jetbrains.kotlin\kotlin-stdlib\1.2.51\fa8127e505bff50fec291d0dd619d1bda5c619e0\kotlin-stdlib-1.2.51.jar;C:\Users\Admin\.gradle\caches\modules-2\files-2.1\org.jetbrains.kotlin\kotlin-script-runtime\1.2.51\6f8ef6758f396b354e422c3e82d9cd14795fe0e2\kotlin-script-runtime-1.2.51.jar;C:\Users\Admin\.gradle\caches\modules-2\files-2.1\org.jetbrains.kotlin\kotlin-reflect\1.2.51\36b719a7b84452dd13eeec979d8c82bfb765c57d\kotlin-reflect-1.2.51.jar;C:\Users\Admin\.gradle\caches\modules-2\files-2.1\org.jetbrains.kotlin\kotlin-scripting-common\1.2.51\7861b42b7e5625df4a230d868476d4cda331be77\kotlin-scripting-common-1.2.51.jar;C:\Users\Admin\.gradle\caches\modules-2\files-2.1\org.jetbrains.kotlin\kotlin-scripting-jvm\1.2.51\f80afc81cf004fb572f8a09353960490ab6630c6\kotlin-scripting-jvm-1.2.51.jar;C:\Users\Admin\.gradle\caches\modules-2\files-2.1\org.jetbrains.kotlinx\kotlinx-coroutines-core\0.20\5f3fa9b5b2dc9cfc0d9358d5b2cab154d590a564\kotlinx-coroutines-core-0.20.jar;D:\Admin\Other\android-studio\jre\lib\tools.jar
java_class_path (initial): C:\Users\Admin\.gradle\caches\modules-2\files-2.1\org.jetbrains.kotlin\kotlin-compiler-embeddable\1.2.51\205147cc6c2dcbe7d9d71125fe315b14b8a14be4\kotlin-compiler-embeddable-1.2.51.jar;C:\Users\Admin\.gradle\caches\modules-2\files-2.1\org.jetbrains.kotlin\kotlin-stdlib\1.2.51\fa8127e505bff50fec291d0dd619d1bda5c619e0\kotlin-stdlib-1.2.51.jar;C:\Users\Admin\.gradle\caches\modules-2\files-2.1\org.jetbrains.kotlin\kotlin-script-runtime\1.2.51\6f8ef6758f396b354e422c3e82d9cd14795fe0e2\kotlin-script-runtime-1.2.51.jar;C:\Users\Admin\.gradle\caches\modules-2\files-2.1\org.jetbrains.kotlin\kotlin-reflect\1.2.51\36b719a7b84452dd13eeec979d8c82bfb765c57d\kotlin-reflect-1.2.51.jar;C:\Users\Admin\.gradle\caches\modules-2\files-2.1\org.jetbrains.kotlin\kotlin-scripting-common\1.2.51\7861b42b7e5625df4a230d868476d4cda331be77\kotlin-scripting-common-1.2.51.jar;C:\Users\Admin\.gradle\caches\modules-2\files-2.1\org.jetbrains.kotlin\kotlin-scripting-jvm\1.2.51\f80afc81cf004fb572f8a09353960490ab6630c6\kotlin-scripting-jvm-1.2.51.jar;C:\Users\Admin\.gradle\caches\modules-2\files-2.1\org.jetbrains.kotlinx\kotlinx-coroutines-core\0.20\5f3fa9b5b2dc9cfc0d9358d5b2cab154d590a564\kotlinx-coroutines-core-0.20.jar;D:\Admin\Other\android-studio\jre\lib\tools.jar
Launcher Type: SUN_STANDARD

Environment Variables:
JAVA_HOME=C:\Program Files\Java\jdk-9.0.1
PATH=C:\ProgramData\Oracle\Java\javapath;C:\Program Files (x86)\Intel\iCLS Client\;C:\Program Files\Intel\iCLS Client\;C:\WINDOWS\system32;C:\WINDOWS;C:\WINDOWS\System32\Wbem;C:\WINDOWS\System32\WindowsPowerShell\v1.0\;C:\Program Files (x86)\Intel\Intel(R) Management Engine Components\DAL;C:\Program Files\Intel\Intel(R) Management Engine Components\DAL;C:\Program Files (x86)\Intel\Intel(R) Management Engine Components\IPT;C:\Program Files\Intel\Intel(R) Management Engine Components\IPT;C:\MinGW\bin;C:\Program Files\Java\jdk-9.0.1\bin;C:\Program Files\nodejs\;D:\Admin\Other\kotlinc\bin;C:\Program Files\Git\cmd;C:\WINDOWS\System32\OpenSSH\;C:\Program Files (x86)\Brackets\command;C:\Program Files\Dart\dart-sdk\bin;C:\Users\Admin\AppData\Roaming\Pub\Cache\bin\stagehand;C:\Ruby25-x64\bin;C:\Users\Admin\AppData\Local\Programs\Python\Python36-32\Scripts\;C:\Users\Admin\AppData\Local\Programs\Python\Python36-32\;C:\Users\Admin\.cargo\bin;C:\Users\Admin\AppData\Local\Microsoft\WindowsApps;C:\Program Files\Microsoft VS Code\bin;C:\Users\Admin\AppData\Roaming\npm;C:\flutter\bin;C:\Users\Admin\AppData\Roaming\Pub\Cache\bin\stagehand;C:\Program Files\heroku\bin
USERNAME=Peter Hoc
OS=Windows_NT
PROCESSOR_IDENTIFIER=Intel64 Family 6 Model 142 Stepping 9, GenuineIntel



---------------  S Y S T E M  ---------------

OS: Windows 10.0 , 64 bit Build 17134 (10.0.17134.1)

CPU:total 4 (initial active 4) (2 cores per cpu, 2 threads per core) family 6 model 142 stepping 9, cmov, cx8, fxsr, mmx, sse, sse2, sse3, ssse3, sse4.1, sse4.2, popcnt, avx, avx2, aes, clmul, erms, 3dnowpref, lzcnt, ht, tsc, tscinvbit, bmi1, bmi2, adx

Memory: 4k page, physical 3984428k(696412k free), swap 6808620k(760k free)

vm_info: OpenJDK 64-Bit Server VM (25.152-b01) for windows-amd64 JRE (1.8.0_152-release-1136-b01), built by "builder" with MS VC++ 10.0 (VS2010)

time: Tue Jul 10 15:44:11 2018
elapsed time: 3846 seconds (0d 1h 4m 6s)

