#
# There is insufficient memory for the Java Runtime Environment to continue.
# Native memory allocation (malloc) failed to allocate 891776 bytes for Chunk::new
# Possible reasons:
#   The system is out of physical RAM or swap space
#   In 32 bit mode, the process size limit was hit
# Possible solutions:
#   Reduce memory load on the system
#   Increase physical memory or swap space
#   Check if swap backing store is full
#   Use 64 bit Java on a 64 bit OS
#   Decrease Java heap size (-Xmx/-Xms)
#   Decrease number of Java threads
#   Decrease Java thread stack sizes (-Xss)
#   Set larger code cache with -XX:ReservedCodeCacheSize=
# This output file may be truncated or incomplete.
#
#  Out of Memory Error (allocation.cpp:390), pid=3976, tid=0x0000000000001478
#
# JRE version: OpenJDK Runtime Environment (8.0_152-b04) (build 1.8.0_152-release-1136-b04)
# Java VM: OpenJDK 64-Bit Server VM (25.152-b04 mixed mode windows-amd64 compressed oops)
# Failed to write core dump. Minidumps are not enabled by default on client versions of Windows
#

---------------  T H R E A D  ---------------

Current thread (0x00000000165d7800):  JavaThread "C2 CompilerThread0" daemon [_thread_in_native, id=5240, stack(0x0000000017c50000,0x0000000017d50000)]

Stack: [0x0000000017c50000,0x0000000017d50000]
[error occurred during error reporting (printing stack bounds), id 0xc0000005]

Native frames: (J=compiled Java code, j=interpreted, Vv=VM code, C=native code)


Current CompileTask:
C2:3276555 20771   !   4       org.gradle.api.internal.file.FileOrUriNotationConverter::convert (352 bytes)


---------------  P R O C E S S  ---------------

Java Threads: ( => current thread )
  0x000000001e730800 JavaThread "RMI RenewClean-[127.0.0.1:17466,org.jetbrains.kotlin.daemon.common.LoopbackNetworkInterface$ClientLoopbackSocketFactory@4027beeb]" daemon [_thread_blocked, id=9392, stack(0x000000002f6a0000,0x000000002f7a0000)]
  0x000000001e730000 JavaThread "RMI TCP Connection(15)-127.0.0.1" daemon [_thread_in_native, id=11236, stack(0x000000002f5a0000,0x000000002f6a0000)]
  0x000000001e726000 JavaThread "RMI TCP Connection(idle)" daemon [_thread_blocked, id=2404, stack(0x000000002f4a0000,0x000000002f5a0000)]
  0x000000001e72c000 JavaThread "RMI RenewClean-[127.0.0.1:17466,org.jetbrains.kotlin.daemon.common.LoopbackNetworkInterface$ClientLoopbackSocketFactory@35094daf]" daemon [_thread_blocked, id=10920, stack(0x000000002f3a0000,0x000000002f4a0000)]
  0x000000001e729000 JavaThread "stdout" daemon [_thread_in_native, id=7860, stack(0x000000002f2a0000,0x000000002f3a0000)]
  0x000000001e72b800 JavaThread "stderr" daemon [_thread_in_native, id=10168, stack(0x000000002f1a0000,0x000000002f2a0000)]
  0x000000001e72d800 JavaThread "stdout" daemon [_thread_in_native, id=3136, stack(0x000000002f0a0000,0x000000002f1a0000)]
  0x000000001e727800 JavaThread "stderr" daemon [_thread_in_native, id=12896, stack(0x000000002efa0000,0x000000002f0a0000)]
  0x000000001e727000 JavaThread "pool-25-thread-1" [_thread_blocked, id=3772, stack(0x000000002eea0000,0x000000002efa0000)]
  0x000000002077e800 JavaThread "Task worker for ':' Thread 3" [_thread_blocked, id=3472, stack(0x000000002eaa0000,0x000000002eba0000)]
  0x0000000020785000 JavaThread "Task worker for ':' Thread 2" [_thread_blocked, id=8088, stack(0x000000002e9a0000,0x000000002eaa0000)]
  0x0000000020784800 JavaThread "Task worker for ':'" [_thread_blocked, id=11296, stack(0x000000002e8a0000,0x000000002e9a0000)]
  0x0000000020782000 JavaThread "Cache worker for Build Output Cleanup Cache (D:\Admin\Documents\Android\DrinkShop\.gradle\buildOutputCleanup)" [_thread_blocked, id=8432, stack(0x000000002e7a0000,0x000000002e8a0000)]
  0x0000000020783800 JavaThread "Cache worker for task history cache (D:\Admin\Documents\Android\DrinkShop\.gradle\4.6\taskHistory)" [_thread_blocked, id=6460, stack(0x000000002e6a0000,0x000000002e7a0000)]
  0x0000000020783000 JavaThread "Cache worker for file content cache (D:\Admin\Documents\Android\DrinkShop\.gradle\4.6\fileContent)" [_thread_blocked, id=11024, stack(0x000000002e5a0000,0x000000002e6a0000)]
  0x0000000020780800 JavaThread "Build operations Thread 4" [_thread_blocked, id=10712, stack(0x000000002e4a0000,0x000000002e5a0000)]
  0x0000000020779000 JavaThread "Build operations Thread 3" [_thread_blocked, id=956, stack(0x000000002e3a0000,0x000000002e4a0000)]
  0x0000000020780000 JavaThread "Build operations Thread 2" [_thread_blocked, id=7952, stack(0x000000002e2a0000,0x000000002e3a0000)]
  0x000000002077a800 JavaThread "Build operations" [_thread_blocked, id=6192, stack(0x000000002e1a0000,0x000000002e2a0000)]
  0x000000001b896800 JavaThread "Cache worker for Artifact transforms cache (C:\Users\Admin\.gradle\caches\transforms-1)" [_thread_blocked, id=8424, stack(0x000000002e0a0000,0x000000002e1a0000)]
  0x000000001b89a000 JavaThread "Cache worker for file hash cache (D:\Admin\Documents\Android\DrinkShop\.gradle\4.6\fileHashes)" [_thread_in_native, id=3264, stack(0x000000002dfa0000,0x000000002e0a0000)]
  0x000000001b897000 JavaThread "Asynchronous log dispatcher for DefaultDaemonConnection: socket connection from /127.0.0.1:53295 to /127.0.0.1:54931" [_thread_blocked, id=7948, stack(0x000000002dda0000,0x000000002dea0000)]
  0x000000001b895800 JavaThread "Daemon worker Thread 3" [_thread_blocked, id=9908, stack(0x000000002dca0000,0x000000002dda0000)]
  0x000000001b89b800 JavaThread "Cancel handler" [_thread_blocked, id=3508, stack(0x000000002dba0000,0x000000002dca0000)]
  0x000000001b88e000 JavaThread "Handler for socket connection from /127.0.0.1:53295 to /127.0.0.1:54931" [_thread_in_native, id=2716, stack(0x000000002daa0000,0x000000002dba0000)]
  0x000000001b895000 JavaThread "Daemon Thread 3" [_thread_blocked, id=8136, stack(0x000000002d9a0000,0x000000002daa0000)]
  0x000000001e728800 JavaThread "RMI Reaper" [_thread_blocked, id=10996, stack(0x0000000024b10000,0x0000000024c10000)]
  0x000000001e72f000 JavaThread "RMI TCP Accept-0" daemon [_thread_in_native, id=11392, stack(0x0000000024a10000,0x0000000024b10000)]
  0x000000001e72a000 JavaThread "GC Daemon" daemon [_thread_blocked, id=12096, stack(0x0000000024910000,0x0000000024a10000)]
  0x000000001e72e800 JavaThread "RMI Scheduler(0)" daemon [_thread_blocked, id=9296, stack(0x0000000024710000,0x0000000024810000)]
  0x000000001b88f800 JavaThread "Memory manager" [_thread_blocked, id=12380, stack(0x000000001fd90000,0x000000001fe90000)]
  0x000000001b88f000 JavaThread "pool-1-thread-1" [_thread_blocked, id=12776, stack(0x000000001fa90000,0x000000001fb90000)]
  0x000000001975a800 JavaThread "File lock request listener" [_thread_in_native, id=11964, stack(0x000000001c0d0000,0x000000001c1d0000)]
  0x0000000016605000 JavaThread "Cache worker for file hash cache (C:\Users\Admin\.gradle\caches\4.6\fileHashes)" [_thread_blocked, id=11220, stack(0x000000001bd70000,0x000000001be70000)]
  0x000000001660c800 JavaThread "Daemon periodic checks" [_thread_blocked, id=10504, stack(0x000000001a4a0000,0x000000001a5a0000)]
  0x000000001660b000 JavaThread "Incoming local TCP Connector on port 53295" [_thread_in_native, id=6264, stack(0x000000001a260000,0x000000001a360000)]
  0x0000000017f81800 JavaThread "Service Thread" daemon [_thread_blocked, id=5228, stack(0x0000000018350000,0x0000000018450000)]
  0x00000000165d1000 JavaThread "C1 CompilerThread2" daemon [_thread_blocked, id=9104, stack(0x0000000017e50000,0x0000000017f50000)]
  0x00000000165ce000 JavaThread "C2 CompilerThread1" daemon [_thread_blocked, id=10808, stack(0x0000000017d50000,0x0000000017e50000)]
=>0x00000000165d7800 JavaThread "C2 CompilerThread0" daemon [_thread_in_native, id=5240, stack(0x0000000017c50000,0x0000000017d50000)]
  0x00000000165d6000 JavaThread "Attach Listener" daemon [_thread_blocked, id=12080, stack(0x0000000017b50000,0x0000000017c50000)]
  0x00000000165d4800 JavaThread "Signal Dispatcher" daemon [_thread_blocked, id=5380, stack(0x0000000017a50000,0x0000000017b50000)]
  0x0000000002c2c800 JavaThread "Finalizer" daemon [_thread_blocked, id=9228, stack(0x0000000017830000,0x0000000017930000)]
  0x0000000002c21800 JavaThread "Reference Handler" daemon [_thread_blocked, id=10448, stack(0x0000000017730000,0x0000000017830000)]
  0x00000000029fe000 JavaThread "main" [_thread_blocked, id=12808, stack(0x0000000002a30000,0x0000000002b30000)]

Other Threads:
  0x0000000016596000 VMThread [stack: 0x0000000017630000,0x0000000017730000] [id=12644]
  0x0000000017f93000 WatcherThread [stack: 0x0000000018450000,0x0000000018550000] [id=6788]

VM state:not at safepoint (normal execution)

VM Mutex/Monitor currently owned by a thread: None

Heap:
 PSYoungGen      total 285696K, used 174114K [0x00000000e0000000, 0x00000000f5c00000, 0x0000000100000000)
  eden space 258048K, 60% used [0x00000000e0000000,0x00000000e9950a18,0x00000000efc00000)
  from space 27648K, 61% used [0x00000000efc00000,0x00000000f0cb8080,0x00000000f1700000)
  to   space 28672K, 0% used [0x00000000f4000000,0x00000000f4000000,0x00000000f5c00000)
 ParOldGen       total 108544K, used 63997K [0x00000000a0000000, 0x00000000a6a00000, 0x00000000e0000000)
  object space 108544K, 58% used [0x00000000a0000000,0x00000000a3e7f678,0x00000000a6a00000)
 Metaspace       used 92418K, capacity 95950K, committed 97368K, reserved 1134592K
  class space    used 11690K, capacity 12350K, committed 12672K, reserved 1048576K

Card table byte_map: [0x0000000012000000,0x0000000012310000] byte_map_base: 0x0000000011b00000

Marking Bits: (ParMarkBitMap*) 0x00000000762c5aa0
 Begin Bits: [0x0000000012910000, 0x0000000014110000)
 End Bits:   [0x0000000014110000, 0x0000000015910000)

Polling page: 0x0000000000c30000

CodeCache: size=245760Kb used=54184Kb max_used=54191Kb free=191575Kb
 bounds [0x0000000002c40000, 0x0000000006180000, 0x0000000011c40000]
 total_blobs=17220 nmethods=16330 adapters=800
 compilation: enabled

Compilation events (10 events):
Event: 3274.305 Thread 0x00000000165ce000 nmethod 20767 0x0000000003d9ea90 code [0x0000000003d9ebe0, 0x0000000003d9ecf8]
Event: 3274.305 Thread 0x00000000165d1000 20768   !   3       org.gradle.internal.progress.DefaultBuildOperationExecutor::runAll (37 bytes)
Event: 3274.306 Thread 0x00000000165d1000 nmethod 20768 0x00000000061785d0 code [0x0000000006178780, 0x0000000006178c58]
Event: 3274.337 Thread 0x00000000165d7800 20769       4       org.gradle.cache.internal.btree.FileBackedBlockStore::attach (21 bytes)
Event: 3274.415 Thread 0x00000000165d7800 nmethod 20769 0x000000000616e3d0 code [0x000000000616e520, 0x000000000616e658]
Event: 3275.319 Thread 0x00000000165ce000 20770       4       org.gradle.internal.hash.HashCode::toByteArray (11 bytes)
Event: 3275.320 Thread 0x00000000165ce000 nmethod 20770 0x0000000006178f50 code [0x00000000061790a0, 0x00000000061791d8]
Event: 3275.411 Thread 0x00000000165d7800 20771   !   4       org.gradle.api.internal.file.FileOrUriNotationConverter::convert (352 bytes)
Event: 3275.413 Thread 0x00000000165d1000 20772       3       org.gradle.api.tasks.util.internal.CachingPatternSpecFactory$SpecKey::equals (89 bytes)
Event: 3275.414 Thread 0x00000000165d1000 nmethod 20772 0x00000000061793d0 code [0x0000000006179600, 0x000000000617a428]

GC Heap History (10 events):
Event: 2047.254 GC heap before
{Heap before GC invocations=35 (full 5):
 PSYoungGen      total 192512K, used 167267K [0x00000000e0000000, 0x00000000f0100000, 0x0000000100000000)
  eden space 166912K, 100% used [0x00000000e0000000,0x00000000ea300000,0x00000000ea300000)
  from space 25600K, 1% used [0x00000000ea300000,0x00000000ea358c98,0x00000000ebc00000)
  to   space 25600K, 0% used [0x00000000ee800000,0x00000000ee800000,0x00000000f0100000)
 ParOldGen       total 105472K, used 84134K [0x00000000a0000000, 0x00000000a6700000, 0x00000000e0000000)
  object space 105472K, 79% used [0x00000000a0000000,0x00000000a5229b70,0x00000000a6700000)
 Metaspace       used 92336K, capacity 96210K, committed 96472K, reserved 1132544K
  class space    used 11812K, capacity 12535K, committed 12544K, reserved 1048576K
Event: 2063.820 GC heap after
Heap after GC invocations=35 (full 5):
 PSYoungGen      total 232960K, used 25189K [0x00000000e0000000, 0x00000000f0900000, 0x0000000100000000)
  eden space 207360K, 0% used [0x00000000e0000000,0x00000000e0000000,0x00000000eca80000)
  from space 25600K, 98% used [0x00000000ee800000,0x00000000f0099540,0x00000000f0100000)
  to   space 30208K, 0% used [0x00000000eca80000,0x00000000eca80000,0x00000000ee800000)
 ParOldGen       total 105472K, used 84346K [0x00000000a0000000, 0x00000000a6700000, 0x00000000e0000000)
  object space 105472K, 79% used [0x00000000a0000000,0x00000000a525e818,0x00000000a6700000)
 Metaspace       used 92336K, capacity 96210K, committed 96472K, reserved 1132544K
  class space    used 11812K, capacity 12535K, committed 12544K, reserved 1048576K
}
Event: 2356.808 GC heap before
{Heap before GC invocations=36 (full 5):
 PSYoungGen      total 232960K, used 232549K [0x00000000e0000000, 0x00000000f0900000, 0x0000000100000000)
  eden space 207360K, 100% used [0x00000000e0000000,0x00000000eca80000,0x00000000eca80000)
  from space 25600K, 98% used [0x00000000ee800000,0x00000000f0099540,0x00000000f0100000)
  to   space 30208K, 0% used [0x00000000eca80000,0x00000000eca80000,0x00000000ee800000)
 ParOldGen       total 105472K, used 84346K [0x00000000a0000000, 0x00000000a6700000, 0x00000000e0000000)
  object space 105472K, 79% used [0x00000000a0000000,0x00000000a525e818,0x00000000a6700000)
 Metaspace       used 92746K, capacity 96828K, committed 97112K, reserved 1134592K
  class space    used 11854K, capacity 12606K, committed 12672K, reserved 1048576K
Event: 2357.883 GC heap after
Heap after GC invocations=36 (full 5):
 PSYoungGen      total 237568K, used 5240K [0x00000000e0000000, 0x00000000f3700000, 0x0000000100000000)
  eden space 207360K, 0% used [0x00000000e0000000,0x00000000e0000000,0x00000000eca80000)
  from space 30208K, 17% used [0x00000000eca80000,0x00000000ecf9e388,0x00000000ee800000)
  to   space 29184K, 0% used [0x00000000f1a80000,0x00000000f1a80000,0x00000000f3700000)
 ParOldGen       total 105472K, used 91532K [0x00000000a0000000, 0x00000000a6700000, 0x00000000e0000000)
  object space 105472K, 86% used [0x00000000a0000000,0x00000000a5963148,0x00000000a6700000)
 Metaspace       used 92746K, capacity 96828K, committed 97112K, reserved 1134592K
  class space    used 11854K, capacity 12606K, committed 12672K, reserved 1048576K
}
Event: 2379.853 GC heap before
{Heap before GC invocations=37 (full 5):
 PSYoungGen      total 237568K, used 212564K [0x00000000e0000000, 0x00000000f3700000, 0x0000000100000000)
  eden space 207360K, 99% used [0x00000000e0000000,0x00000000eca77048,0x00000000eca80000)
  from space 30208K, 17% used [0x00000000eca80000,0x00000000ecf9e388,0x00000000ee800000)
  to   space 29184K, 0% used [0x00000000f1a80000,0x00000000f1a80000,0x00000000f3700000)
 ParOldGen       total 105472K, used 91532K [0x00000000a0000000, 0x00000000a6700000, 0x00000000e0000000)
  object space 105472K, 86% used [0x00000000a0000000,0x00000000a5963148,0x00000000a6700000)
 Metaspace       used 93049K, capacity 97138K, committed 97368K, reserved 1134592K
  class space    used 11890K, capacity 12647K, committed 12672K, reserved 1048576K
Event: 2379.889 GC heap after
Heap after GC invocations=37 (full 5):
 PSYoungGen      total 282112K, used 7530K [0x00000000e0000000, 0x00000000f3200000, 0x0000000100000000)
  eden space 258048K, 0% used [0x00000000e0000000,0x00000000e0000000,0x00000000efc00000)
  from space 24064K, 31% used [0x00000000f1a80000,0x00000000f21da810,0x00000000f3200000)
  to   space 27648K, 0% used [0x00000000efc00000,0x00000000efc00000,0x00000000f1700000)
 ParOldGen       total 105472K, used 95152K [0x00000000a0000000, 0x00000000a6700000, 0x00000000e0000000)
  object space 105472K, 90% used [0x00000000a0000000,0x00000000a5cec140,0x00000000a6700000)
 Metaspace       used 93049K, capacity 97138K, committed 97368K, reserved 1134592K
  class space    used 11890K, capacity 12647K, committed 12672K, reserved 1048576K
}
Event: 2379.889 GC heap before
{Heap before GC invocations=38 (full 6):
 PSYoungGen      total 282112K, used 7530K [0x00000000e0000000, 0x00000000f3200000, 0x0000000100000000)
  eden space 258048K, 0% used [0x00000000e0000000,0x00000000e0000000,0x00000000efc00000)
  from space 24064K, 31% used [0x00000000f1a80000,0x00000000f21da810,0x00000000f3200000)
  to   space 27648K, 0% used [0x00000000efc00000,0x00000000efc00000,0x00000000f1700000)
 ParOldGen       total 105472K, used 95152K [0x00000000a0000000, 0x00000000a6700000, 0x00000000e0000000)
  object space 105472K, 90% used [0x00000000a0000000,0x00000000a5cec140,0x00000000a6700000)
 Metaspace       used 93049K, capacity 97138K, committed 97368K, reserved 1134592K
  class space    used 11890K, capacity 12647K, committed 12672K, reserved 1048576K
Event: 2418.901 GC heap after
Heap after GC invocations=38 (full 6):
 PSYoungGen      total 282112K, used 0K [0x00000000e0000000, 0x00000000f3200000, 0x0000000100000000)
  eden space 258048K, 0% used [0x00000000e0000000,0x00000000e0000000,0x00000000efc00000)
  from space 24064K, 0% used [0x00000000f1a80000,0x00000000f1a80000,0x00000000f3200000)
  to   space 27648K, 0% used [0x00000000efc00000,0x00000000efc00000,0x00000000f1700000)
 ParOldGen       total 108544K, used 63989K [0x00000000a0000000, 0x00000000a6a00000, 0x00000000e0000000)
  object space 108544K, 58% used [0x00000000a0000000,0x00000000a3e7d678,0x00000000a6a00000)
 Metaspace       used 91632K, capacity 94838K, committed 97368K, reserved 1134592K
  class space    used 11623K, capacity 12228K, committed 12672K, reserved 1048576K
}
Event: 3109.927 GC heap before
{Heap before GC invocations=39 (full 6):
 PSYoungGen      total 282112K, used 258048K [0x00000000e0000000, 0x00000000f3200000, 0x0000000100000000)
  eden space 258048K, 100% used [0x00000000e0000000,0x00000000efc00000,0x00000000efc00000)
  from space 24064K, 0% used [0x00000000f1a80000,0x00000000f1a80000,0x00000000f3200000)
  to   space 27648K, 0% used [0x00000000efc00000,0x00000000efc00000,0x00000000f1700000)
 ParOldGen       total 108544K, used 63989K [0x00000000a0000000, 0x00000000a6a00000, 0x00000000e0000000)
  object space 108544K, 58% used [0x00000000a0000000,0x00000000a3e7d678,0x00000000a6a00000)
 Metaspace       used 92303K, capacity 95742K, committed 97368K, reserved 1134592K
  class space    used 11688K, capacity 12348K, committed 12672K, reserved 1048576K
Event: 3116.007 GC heap after
Heap after GC invocations=39 (full 6):
 PSYoungGen      total 285696K, used 17120K [0x00000000e0000000, 0x00000000f5c00000, 0x0000000100000000)
  eden space 258048K, 0% used [0x00000000e0000000,0x00000000e0000000,0x00000000efc00000)
  from space 27648K, 61% used [0x00000000efc00000,0x00000000f0cb8080,0x00000000f1700000)
  to   space 28672K, 0% used [0x00000000f4000000,0x00000000f4000000,0x00000000f5c00000)
 ParOldGen       total 108544K, used 63997K [0x00000000a0000000, 0x00000000a6a00000, 0x00000000e0000000)
  object space 108544K, 58% used [0x00000000a0000000,0x00000000a3e7f678,0x00000000a6a00000)
 Metaspace       used 92303K, capacity 95742K, committed 97368K, reserved 1134592K
  class space    used 11688K, capacity 12348K, committed 12672K, reserved 1048576K
}

Deoptimization events (10 events):
Event: 3018.920 Thread 0x000000001b895800 Uncommon trap: reason=unstable_if action=reinterpret pc=0x00000000033e6798 method=java.lang.ref.SoftReference.get()Ljava/lang/Object; @ 6
Event: 3047.607 Thread 0x000000001b895800 Uncommon trap: reason=predicate action=maybe_recompile pc=0x0000000005d533f4 method=com.google.common.collect.ImmutableList.copyIntoArray([Ljava/lang/Object;I)I @ 14
Event: 3050.556 Thread 0x000000001b895800 Uncommon trap: reason=class_check action=maybe_recompile pc=0x00000000042d2ea0 method=com.google.common.collect.AbstractMapBasedMultimap$WrappedCollection.refreshIfEmpty()V @ 40
Event: 3056.669 Thread 0x000000001b895800 Uncommon trap: reason=class_check action=maybe_recompile pc=0x00000000042d2ea0 method=com.google.common.collect.AbstractMapBasedMultimap$WrappedCollection.refreshIfEmpty()V @ 40
Event: 3101.499 Thread 0x000000001b895800 Uncommon trap: reason=bimorphic action=maybe_recompile pc=0x0000000003669efc method=com.google.common.collect.ImmutableList$1.get(I)Ljava/lang/Object; @ 5
Event: 3102.784 Thread 0x0000000020784800 Uncommon trap: reason=class_check action=maybe_recompile pc=0x00000000043fda44 method=com.sun.org.apache.xerces.internal.dom.ParentNode.getChildNodes()Lorg/w3c/dom/NodeList; @ 8
Event: 3102.785 Thread 0x0000000020784800 Uncommon trap: reason=class_check action=maybe_recompile pc=0x00000000043fda44 method=com.sun.org.apache.xerces.internal.dom.ParentNode.getChildNodes()Lorg/w3c/dom/NodeList; @ 8
Event: 3122.411 Thread 0x0000000020784800 Uncommon trap: reason=bimorphic action=maybe_recompile pc=0x0000000005d0a654 method=com.sun.org.apache.xerces.internal.dom.NodeImpl.appendChild(Lorg/w3c/dom/Node;)Lorg/w3c/dom/Node; @ 3
Event: 3122.411 Thread 0x0000000020784800 Uncommon trap: reason=bimorphic action=maybe_recompile pc=0x00000000043e98e8 method=com.sun.org.apache.xerces.internal.dom.CoreDocumentImpl.isKidOK(Lorg/w3c/dom/Node;Lorg/w3c/dom/Node;)Z @ 39
Event: 3188.292 Thread 0x0000000020784800 Uncommon trap: reason=unstable_if action=reinterpret pc=0x0000000003cd9304 method=java.lang.ref.SoftReference.get()Ljava/lang/Object; @ 6

Classes redefined (0 events):
No events

Internal exceptions (10 events):
Event: 3005.888 Thread 0x000000001b895800 Exception <a 'java/lang/NoSuchMethodError': <clinit>> (0x00000000ea8378c8) thrown at [D:\src\AOSP-openjdk-cygwin\jdk8u\hotspot\src\share\vm\prims\jni.cpp, line 1613]
Event: 3005.888 Thread 0x000000001b895800 Exception <a 'java/lang/NoSuchMethodError': <clinit>> (0x00000000ea839098) thrown at [D:\src\AOSP-openjdk-cygwin\jdk8u\hotspot\src\share\vm\prims\jni.cpp, line 1613]
Event: 3016.956 Thread 0x000000001b895800 Implicit null exception at 0x00000000039791f7 to 0x0000000003979bf5
Event: 3017.359 Thread 0x000000001b895800 Implicit null exception at 0x00000000035b3823 to 0x00000000035b3e91
Event: 3045.800 Thread 0x000000001b895800 Exception <a 'sun/nio/fs/WindowsException'> (0x00000000eb524de0) thrown at [D:\src\AOSP-openjdk-cygwin\jdk8u\hotspot\src\share\vm\prims\jni.cpp, line 709]
Event: 3046.209 Thread 0x000000001b895800 Exception <a 'sun/nio/fs/WindowsException'> (0x00000000eb52cdc8) thrown at [D:\src\AOSP-openjdk-cygwin\jdk8u\hotspot\src\share\vm\prims\jni.cpp, line 709]
Event: 3055.882 Thread 0x000000001b895800 Exception <a 'sun/nio/fs/WindowsException'> (0x00000000ebfdeba0) thrown at [D:\src\AOSP-openjdk-cygwin\jdk8u\hotspot\src\share\vm\prims\jni.cpp, line 709]
Event: 3188.292 Thread 0x0000000020784800 Implicit null exception at 0x0000000003cd80dc to 0x0000000003cd92ed
Event: 3189.846 Thread 0x000000001e72c000 Exception <a 'java/lang/InterruptedException'> (0x00000000e8172df0) thrown at [D:\src\AOSP-openjdk-cygwin\jdk8u\hotspot\src\share\vm\runtime\objectMonitor.cpp, line 1684]
Event: 3242.317 Thread 0x000000001e730800 Exception <a 'java/lang/InterruptedException'> (0x00000000e8eba710) thrown at [D:\src\AOSP-openjdk-cygwin\jdk8u\hotspot\src\share\vm\runtime\objectMonitor.cpp, line 1684]

Events (10 events):
Event: 3242.312 Thread 0x000000001e730800 Thread added: 0x000000001e730800
Event: 3242.313 Executing VM operation: RevokeBias
Event: 3242.313 Executing VM operation: RevokeBias done
Event: 3242.717 Thread 0x00000000165ce000 flushing nmethod 0x0000000005d52f10
Event: 3255.787 Executing VM operation: RevokeBias
Event: 3255.787 Executing VM operation: RevokeBias done
Event: 3257.318 Executing VM operation: RevokeBias
Event: 3257.318 Executing VM operation: RevokeBias done
Event: 3272.315 Executing VM operation: RevokeBias
Event: 3272.315 Executing VM operation: RevokeBias done


Dynamic libraries:
0x00007ff6cb770000 - 0x00007ff6cb7a1000 	D:\Admin\Other\android-studio-3.2\android-studio\jre\bin\java.exe
0x00007ffe24ce0000 - 0x00007ffe24ec1000 	C:\WINDOWS\SYSTEM32\ntdll.dll
0x00007ffe225b0000 - 0x00007ffe22662000 	C:\WINDOWS\System32\KERNEL32.DLL
0x00007ffe21940000 - 0x00007ffe21bb3000 	C:\WINDOWS\System32\KERNELBASE.dll
0x00007ffe23060000 - 0x00007ffe23101000 	C:\WINDOWS\System32\ADVAPI32.dll
0x00007ffe233a0000 - 0x00007ffe2343e000 	C:\WINDOWS\System32\msvcrt.dll
0x00007ffe231c0000 - 0x00007ffe2321b000 	C:\WINDOWS\System32\sechost.dll
0x00007ffe23670000 - 0x00007ffe23794000 	C:\WINDOWS\System32\RPCRT4.dll
0x00007ffe22670000 - 0x00007ffe22800000 	C:\WINDOWS\System32\USER32.dll
0x00007ffe21210000 - 0x00007ffe21230000 	C:\WINDOWS\System32\win32u.dll
0x00007ffe23810000 - 0x00007ffe23838000 	C:\WINDOWS\System32\GDI32.dll
0x00007ffe21fd0000 - 0x00007ffe22162000 	C:\WINDOWS\System32\gdi32full.dll
0x00007ffe21e00000 - 0x00007ffe21e9f000 	C:\WINDOWS\System32\msvcp_win.dll
0x00007ffe210b0000 - 0x00007ffe211aa000 	C:\WINDOWS\System32\ucrtbase.dll
0x00007ffe15c50000 - 0x00007ffe15eb9000 	C:\WINDOWS\WinSxS\amd64_microsoft.windows.common-controls_6595b64144ccf1df_6.0.17134.165_none_fb429645306569ac\COMCTL32.dll
0x00007ffe22280000 - 0x00007ffe225a3000 	C:\WINDOWS\System32\combase.dll
0x00007ffe21ea0000 - 0x00007ffe21f1a000 	C:\WINDOWS\System32\bcryptPrimitives.dll
0x00007ffe24c80000 - 0x00007ffe24cad000 	C:\WINDOWS\System32\IMM32.DLL
0x00000000769b0000 - 0x0000000076a82000 	D:\Admin\Other\android-studio-3.2\android-studio\jre\jre\bin\msvcr100.dll
0x0000000075b00000 - 0x0000000076341000 	D:\Admin\Other\android-studio-3.2\android-studio\jre\jre\bin\server\jvm.dll
0x00007ffe231b0000 - 0x00007ffe231b8000 	C:\WINDOWS\System32\PSAPI.DLL
0x00007ffe1dac0000 - 0x00007ffe1dae3000 	C:\WINDOWS\SYSTEM32\WINMM.dll
0x00007ffe1c260000 - 0x00007ffe1c26a000 	C:\WINDOWS\SYSTEM32\VERSION.dll
0x00007ffe1da90000 - 0x00007ffe1daba000 	C:\WINDOWS\SYSTEM32\winmmbase.dll
0x00007ffe21db0000 - 0x00007ffe21df9000 	C:\WINDOWS\System32\cfgmgr32.dll
0x00007ffe116a0000 - 0x00007ffe116a9000 	C:\WINDOWS\SYSTEM32\WSOCK32.dll
0x00007ffe237a0000 - 0x00007ffe2380c000 	C:\WINDOWS\System32\WS2_32.dll
0x00007ffe1d970000 - 0x00007ffe1d97f000 	D:\Admin\Other\android-studio-3.2\android-studio\jre\jre\bin\verify.dll
0x00007ffe18a70000 - 0x00007ffe18a99000 	D:\Admin\Other\android-studio-3.2\android-studio\jre\jre\bin\java.dll
0x00007ffe10440000 - 0x00007ffe10456000 	D:\Admin\Other\android-studio-3.2\android-studio\jre\jre\bin\zip.dll
0x00007ffe23840000 - 0x00007ffe24c80000 	C:\WINDOWS\System32\SHELL32.dll
0x00007ffe22fb0000 - 0x00007ffe23059000 	C:\WINDOWS\System32\shcore.dll
0x00007ffe21230000 - 0x00007ffe2193d000 	C:\WINDOWS\System32\windows.storage.dll
0x00007ffe23610000 - 0x00007ffe23661000 	C:\WINDOWS\System32\shlwapi.dll
0x00007ffe21090000 - 0x00007ffe210a1000 	C:\WINDOWS\System32\kernel.appcore.dll
0x00007ffe21010000 - 0x00007ffe2102f000 	C:\WINDOWS\System32\profapi.dll
0x00007ffe21030000 - 0x00007ffe2107c000 	C:\WINDOWS\System32\powrprof.dll
0x00007ffe21080000 - 0x00007ffe2108a000 	C:\WINDOWS\System32\FLTLIB.DLL
0x00007ffe0c830000 - 0x00007ffe0c84a000 	D:\Admin\Other\android-studio-3.2\android-studio\jre\jre\bin\net.dll
0x00007ffe20810000 - 0x00007ffe20876000 	C:\WINDOWS\system32\mswsock.dll
0x00007ffe0c750000 - 0x00007ffe0c761000 	D:\Admin\Other\android-studio-3.2\android-studio\jre\jre\bin\nio.dll
0x00007ffe0cad0000 - 0x00007ffe0caee000 	C:\Users\Admin\.gradle\native\25\windows-amd64\native-platform.dll
0x00007ffe18ef0000 - 0x00007ffe18efd000 	D:\Admin\Other\android-studio-3.2\android-studio\jre\jre\bin\management.dll
0x00007ffe209c0000 - 0x00007ffe209d7000 	C:\WINDOWS\SYSTEM32\CRYPTSP.dll
0x00007ffe203f0000 - 0x00007ffe20423000 	C:\WINDOWS\system32\rsaenh.dll
0x00007ffe20af0000 - 0x00007ffe20b15000 	C:\WINDOWS\SYSTEM32\bcrypt.dll
0x00007ffe20ef0000 - 0x00007ffe20f18000 	C:\WINDOWS\SYSTEM32\USERENV.dll
0x00007ffe209e0000 - 0x00007ffe209eb000 	C:\WINDOWS\SYSTEM32\CRYPTBASE.dll
0x00007ffe20590000 - 0x00007ffe205c8000 	C:\WINDOWS\SYSTEM32\IPHLPAPI.DLL
0x00007ffe22e70000 - 0x00007ffe22e78000 	C:\WINDOWS\System32\NSI.dll
0x00007ffe14c20000 - 0x00007ffe14c36000 	C:\WINDOWS\SYSTEM32\dhcpcsvc6.DLL
0x00007ffe15420000 - 0x00007ffe1543a000 	C:\WINDOWS\SYSTEM32\dhcpcsvc.DLL
0x00007ffe10280000 - 0x00007ffe1029e000 	C:\Users\Admin\AppData\Local\Temp\native-platform7707540825666449224dir\native-platform.dll

VM Arguments:
jvm_args: -Xmx1536m -Dfile.encoding=windows-1252 -Duser.country=US -Duser.language=en -Duser.variant 
java_command: org.gradle.launcher.daemon.bootstrap.GradleDaemon 4.6
java_class_path (initial): C:\Users\Admin\.gradle\wrapper\dists\gradle-4.6-all\bcst21l2brirad8k2ben1letg\gradle-4.6\lib\gradle-launcher-4.6.jar
Launcher Type: SUN_STANDARD

Environment Variables:
JAVA_HOME=C:\Program Files\Java\jdk-9.0.1
PATH=C:\ProgramData\Oracle\Java\javapath;C:\Program Files (x86)\Intel\iCLS Client\;C:\Program Files\Intel\iCLS Client\;C:\WINDOWS\system32;C:\WINDOWS;C:\WINDOWS\System32\Wbem;C:\WINDOWS\System32\WindowsPowerShell\v1.0\;C:\Program Files (x86)\Intel\Intel(R) Management Engine Components\DAL;C:\Program Files\Intel\Intel(R) Management Engine Components\DAL;C:\Program Files (x86)\Intel\Intel(R) Management Engine Components\IPT;C:\Program Files\Intel\Intel(R) Management Engine Components\IPT;C:\MinGW\bin;C:\Program Files\Java\jdk-9.0.1\bin;C:\Program Files\nodejs\;D:\Admin\Other\kotlinc\bin;C:\Program Files\Git\cmd;C:\WINDOWS\System32\OpenSSH\;C:\Program Files (x86)\Brackets\command;C:\Program Files\Dart\dart-sdk\bin;C:\Users\Admin\AppData\Roaming\Pub\Cache\bin\stagehand;;C:\Program Files\Microsoft VS Code\bin;C:\Ruby25-x64\bin;C:\Users\Admin\AppData\Local\Programs\Python\Python36-32\Scripts\;C:\Users\Admin\AppData\Local\Programs\Python\Python36-32\;C:\Users\Admin\.cargo\bin;C:\Users\Admin\AppData\Local\Microsoft\WindowsApps;C:\Program Files\Microsoft VS Code\bin;C:\Users\Admin\AppData\Roaming\npm;C:\flutter\bin;C:\Users\Admin\AppData\Roaming\Pub\Cache\bin\stagehand;C:\Program Files\heroku\bin
USERNAME=Peter Hoc
OS=Windows_NT
PROCESSOR_IDENTIFIER=Intel64 Family 6 Model 142 Stepping 9, GenuineIntel



---------------  S Y S T E M  ---------------

OS: Windows 10.0 , 64 bit Build 17134 (10.0.17134.1)

CPU:total 4 (initial active 4) (2 cores per cpu, 2 threads per core) family 6 model 142 stepping 9, cmov, cx8, fxsr, mmx, sse, sse2, sse3, ssse3, sse4.1, sse4.2, popcnt, avx, avx2, aes, clmul, erms, 3dnowpref, lzcnt, ht, tsc, tscinvbit, bmi1, bmi2, adx

Memory: 4k page, physical 3984428k(356780k free), swap 6808620k(2520k free)

vm_info: OpenJDK 64-Bit Server VM (25.152-b04) for windows-amd64 JRE (1.8.0_152-release-1136-b04), built by "builder" with MS VC++ 10.0 (VS2010)

time: Fri Jul 20 21:47:08 2018
elapsed time: 3276 seconds (0d 0h 54m 36s)

