#
# There is insufficient memory for the Java Runtime Environment to continue.
# Native memory allocation (malloc) failed to allocate 1452656 bytes for Chunk::new
# Possible reasons:
#   The system is out of physical RAM or swap space
#   In 32 bit mode, the process size limit was hit
# Possible solutions:
#   Reduce memory load on the system
#   Increase physical memory or swap space
#   Check if swap backing store is full
#   Use 64 bit Java on a 64 bit OS
#   Decrease Java heap size (-Xmx/-Xms)
#   Decrease number of Java threads
#   Decrease Java thread stack sizes (-Xss)
#   Set larger code cache with -XX:ReservedCodeCacheSize=
# This output file may be truncated or incomplete.
#
#  Out of Memory Error (allocation.cpp:390), pid=244, tid=0x00000000000004e4
#
# JRE version: OpenJDK Runtime Environment (8.0_152-b04) (build 1.8.0_152-release-1136-b04)
# Java VM: OpenJDK 64-Bit Server VM (25.152-b04 mixed mode windows-amd64 compressed oops)
# Failed to write core dump. Minidumps are not enabled by default on client versions of Windows
#

---------------  T H R E A D  ---------------

Current thread (0x000000001654a000):  JavaThread "C2 CompilerThread0" daemon [_thread_in_native, id=1252, stack(0x0000000017b90000,0x0000000017c90000)]

Stack: [0x0000000017b90000,0x0000000017c90000]
[error occurred during error reporting (printing stack bounds), id 0xc0000005]

Native frames: (J=compiled Java code, j=interpreted, Vv=VM code, C=native code)


Current CompileTask:
C2:3622758 23289       4       com.android.tools.r8.graph.ProgramClassVisitor::accept (47 bytes)


---------------  P R O C E S S  ---------------

Java Threads: ( => current thread )
  0x0000000019853000 JavaThread "ForkJoinPool-18-worker-12" daemon [_thread_blocked, id=1180, stack(0x000000002c700000,0x000000002c800000)]
  0x0000000019850800 JavaThread "ForkJoinPool-18-worker-10" daemon [_thread_blocked, id=5240, stack(0x000000002c600000,0x000000002c700000)]
  0x0000000019854800 JavaThread "ForkJoinPool-18-worker-11" daemon [_thread_blocked, id=9908, stack(0x000000002c500000,0x000000002c600000)]
  0x0000000019852000 JavaThread "ForkJoinPool-18-worker-5" daemon [_thread_in_Java, id=8636, stack(0x000000002c400000,0x000000002c500000)]
  0x0000000019851800 JavaThread "ForkJoinPool-18-worker-7" daemon [_thread_blocked, id=4196, stack(0x000000002c300000,0x000000002c400000)]
  0x000000001984a000 JavaThread "ForkJoinPool-18-worker-6" daemon [_thread_blocked, id=4824, stack(0x000000002c200000,0x000000002c300000)]
  0x0000000019849000 JavaThread "ForkJoinPool-18-worker-4" daemon [_thread_blocked, id=11020, stack(0x000000002c100000,0x000000002c200000)]
  0x000000001984a800 JavaThread "ForkJoinPool-18-worker-0" daemon [_thread_blocked, id=10872, stack(0x000000002c000000,0x000000002c100000)]
  0x000000001984d000 JavaThread "ForkJoinPool-18-worker-3" daemon [_thread_blocked, id=6544, stack(0x000000002bf00000,0x000000002c000000)]
  0x0000000019847800 JavaThread "ForkJoinPool-18-worker-2" daemon [_thread_blocked, id=2008, stack(0x000000002be00000,0x000000002bf00000)]
  0x000000001984c000 JavaThread "ForkJoinPool-18-worker-1" daemon [_thread_blocked, id=7472, stack(0x000000002bd00000,0x000000002be00000)]
  0x000000001984e800 JavaThread "Cache worker for Java compile cache (D:\Admin\Documents\Android\DrinkShop\.gradle\4.6\javaCompile)" [_thread_blocked, id=3604, stack(0x0000000028290000,0x0000000028390000)]
  0x000000001984f000 JavaThread "RMI Reaper" [_thread_blocked, id=2840, stack(0x0000000027d90000,0x0000000027e90000)]
  0x000000001984d800 JavaThread "RMI TCP Accept-0" daemon [_thread_in_native, id=9992, stack(0x0000000027c90000,0x0000000027d90000)]
  0x0000000019850000 JavaThread "GC Daemon" daemon [_thread_blocked, id=6444, stack(0x0000000027a90000,0x0000000027b90000)]
  0x0000000019846000 JavaThread "RMI Scheduler(0)" daemon [_thread_blocked, id=8184, stack(0x0000000027890000,0x0000000027990000)]
  0x0000000019950800 JavaThread "Task worker for ':' Thread 3" [_thread_blocked, id=356, stack(0x0000000026b90000,0x0000000026c90000)]
  0x000000001e0d9800 JavaThread "Task worker for ':' Thread 2" [_thread_blocked, id=744, stack(0x0000000026a90000,0x0000000026b90000)]
  0x000000001e0dd000 JavaThread "Task worker for ':'" [_thread_blocked, id=8900, stack(0x0000000026990000,0x0000000026a90000)]
  0x000000001e0df800 JavaThread "Cache worker for Build Output Cleanup Cache (D:\Admin\Documents\Android\DrinkShop\.gradle\buildOutputCleanup)" [_thread_blocked, id=1744, stack(0x0000000026890000,0x0000000026990000)]
  0x000000001e0dc800 JavaThread "Cache worker for task history cache (D:\Admin\Documents\Android\DrinkShop\.gradle\4.6\taskHistory)" [_thread_blocked, id=8084, stack(0x0000000026790000,0x0000000026890000)]
  0x000000001e0db000 JavaThread "Cache worker for file content cache (D:\Admin\Documents\Android\DrinkShop\.gradle\4.6\fileContent)" [_thread_blocked, id=5368, stack(0x0000000026690000,0x0000000026790000)]
  0x000000001e0da000 JavaThread "Build operations Thread 4" [_thread_blocked, id=10248, stack(0x0000000026590000,0x0000000026690000)]
  0x000000001e0de800 JavaThread "Build operations Thread 3" [_thread_blocked, id=6072, stack(0x0000000026490000,0x0000000026590000)]
  0x000000001e0db800 JavaThread "Build operations Thread 2" [_thread_blocked, id=10460, stack(0x0000000026390000,0x0000000026490000)]
  0x000000001e0d2000 JavaThread "Build operations" [_thread_blocked, id=10920, stack(0x0000000026290000,0x0000000026390000)]
  0x000000001e0d8800 JavaThread "Cache worker for Artifact transforms cache (C:\Users\Admin\.gradle\caches\transforms-1)" [_thread_blocked, id=9028, stack(0x0000000026190000,0x0000000026290000)]
  0x000000001e0d8000 JavaThread "Cache worker for file hash cache (D:\Admin\Documents\Android\DrinkShop\.gradle\4.6\fileHashes)" [_thread_blocked, id=8724, stack(0x0000000026090000,0x0000000026190000)]
  0x000000001e0d5000 JavaThread "Asynchronous log dispatcher for DefaultDaemonConnection: socket connection from /127.0.0.1:58135 to /127.0.0.1:58299" [_thread_blocked, id=6628, stack(0x0000000025e90000,0x0000000025f90000)]
  0x000000001e0d2800 JavaThread "Daemon worker Thread 2" [_thread_blocked, id=8504, stack(0x0000000025d90000,0x0000000025e90000)]
  0x000000001e0d3800 JavaThread "Cancel handler" [_thread_blocked, id=11036, stack(0x0000000025c90000,0x0000000025d90000)]
  0x000000001e0d0800 JavaThread "Handler for socket connection from /127.0.0.1:58135 to /127.0.0.1:58299" [_thread_in_native, id=7424, stack(0x0000000025b90000,0x0000000025c90000)]
  0x000000001e0d1000 JavaThread "Daemon Thread 2" [_thread_blocked, id=2296, stack(0x0000000025a90000,0x0000000025b90000)]
  0x0000000019949800 JavaThread "Memory manager" [_thread_blocked, id=10376, stack(0x00000000200a0000,0x00000000201a0000)]
  0x000000001994f800 JavaThread "pool-1-thread-1" [_thread_blocked, id=9476, stack(0x000000001fca0000,0x000000001fda0000)]
  0x0000000019c57800 JavaThread "File lock request listener" [_thread_in_native, id=3752, stack(0x000000001bfb0000,0x000000001c0b0000)]
  0x000000001973c000 JavaThread "Cache worker for file hash cache (C:\Users\Admin\.gradle\caches\4.6\fileHashes)" [_thread_blocked, id=10040, stack(0x000000001beb0000,0x000000001bfb0000)]
  0x0000000019399000 JavaThread "Daemon periodic checks" [_thread_blocked, id=6688, stack(0x000000001a3e0000,0x000000001a4e0000)]
  0x0000000019398000 JavaThread "Incoming local TCP Connector on port 58135" [_thread_in_native, id=3336, stack(0x000000001a1a0000,0x000000001a2a0000)]
  0x0000000017eb8800 JavaThread "Service Thread" daemon [_thread_blocked, id=7192, stack(0x0000000018290000,0x0000000018390000)]
  0x000000001654b000 JavaThread "C1 CompilerThread2" daemon [_thread_blocked, id=10384, stack(0x0000000017d90000,0x0000000017e90000)]
  0x000000001653f800 JavaThread "C2 CompilerThread1" daemon [_thread_in_native, id=1720, stack(0x0000000017c90000,0x0000000017d90000)]
=>0x000000001654a000 JavaThread "C2 CompilerThread0" daemon [_thread_in_native, id=1252, stack(0x0000000017b90000,0x0000000017c90000)]
  0x0000000016548800 JavaThread "Attach Listener" daemon [_thread_blocked, id=11040, stack(0x0000000017a90000,0x0000000017b90000)]
  0x0000000016547800 JavaThread "Signal Dispatcher" daemon [_thread_blocked, id=4936, stack(0x0000000017990000,0x0000000017a90000)]
  0x0000000002bcd800 JavaThread "Finalizer" daemon [_thread_blocked, id=10020, stack(0x00000000177a0000,0x00000000178a0000)]
  0x0000000002bc1800 JavaThread "Reference Handler" daemon [_thread_blocked, id=6632, stack(0x00000000176a0000,0x00000000177a0000)]
  0x0000000000b4e000 JavaThread "main" [_thread_blocked, id=7912, stack(0x00000000029d0000,0x0000000002ad0000)]

Other Threads:
  0x0000000016505000 VMThread [stack: 0x00000000175a0000,0x00000000176a0000] [id=8968]
  0x000000001659e000 WatcherThread [stack: 0x0000000018390000,0x0000000018490000] [id=6916]

VM state:not at safepoint (normal execution)

VM Mutex/Monitor currently owned by a thread: None

Heap:
 PSYoungGen      total 336384K, used 230957K [0x00000000e0000000, 0x00000000ff200000, 0x0000000100000000)
  eden space 256512K, 58% used [0x00000000e0000000,0x00000000e9390c78,0x00000000efa80000)
  from space 79872K, 99% used [0x00000000efa80000,0x00000000f487a9e8,0x00000000f4880000)
  to   space 105984K, 0% used [0x00000000f8a80000,0x00000000f8a80000,0x00000000ff200000)
 ParOldGen       total 285184K, used 234923K [0x00000000a0000000, 0x00000000b1680000, 0x00000000e0000000)
  object space 285184K, 82% used [0x00000000a0000000,0x00000000ae56ac98,0x00000000b1680000)
 Metaspace       used 101112K, capacity 104854K, committed 105944K, reserved 1140736K
  class space    used 12659K, capacity 13473K, committed 13824K, reserved 1048576K

Card table byte_map: [0x0000000011f90000,0x00000000122a0000] byte_map_base: 0x0000000011a90000

Marking Bits: (ParMarkBitMap*) 0x000000005b6f5aa0
 Begin Bits: [0x00000000128a0000, 0x00000000140a0000)
 End Bits:   [0x00000000140a0000, 0x00000000158a0000)

Polling page: 0x0000000000b00000

CodeCache: size=245760Kb used=62958Kb max_used=63164Kb free=182801Kb
 bounds [0x0000000002bd0000, 0x0000000006a00000, 0x0000000011bd0000]
 total_blobs=19121 nmethods=18195 adapters=836
 compilation: enabled

Compilation events (10 events):
Event: 3621.933 Thread 0x000000001654b000 23308       2       com.android.tools.r8.code.LongToInt::write (7 bytes)
Event: 3621.933 Thread 0x000000001654b000 nmethod 23308 0x00000000069d0890 code [0x00000000069d0a00, 0x00000000069d0ba8]
Event: 3621.935 Thread 0x000000001654b000 23309       1       com.android.tools.r8.code.AputByte::getOpcode (3 bytes)
Event: 3621.936 Thread 0x000000001654b000 nmethod 23309 0x0000000006146790 code [0x00000000061468e0, 0x00000000061469f0]
Event: 3621.939 Thread 0x000000001654b000 23310       2       com.android.tools.r8.code.SubLong2Addr::write (7 bytes)
Event: 3621.940 Thread 0x000000001654b000 nmethod 23310 0x0000000006146390 code [0x0000000006146500, 0x00000000061466a8]
Event: 3621.983 Thread 0x000000001654b000 23314       2       com.android.tools.r8.graph.MethodAccessFlags::unsetSynchronized (7 bytes)
Event: 3621.984 Thread 0x000000001654b000 nmethod 23314 0x0000000006146050 code [0x00000000061461a0, 0x00000000061462f0]
Event: 3621.984 Thread 0x000000001654b000 23315       2       com.android.tools.r8.graph.MethodAccessFlags::setDeclaredSynchronized (7 bytes)
Event: 3621.984 Thread 0x000000001654b000 nmethod 23315 0x00000000065db490 code [0x00000000065db5e0, 0x00000000065db730]

GC Heap History (10 events):
Event: 3586.619 GC heap before
{Heap before GC invocations=79 (full 7):
 PSYoungGen      total 269312K, used 245550K [0x00000000e0000000, 0x00000000f4100000, 0x0000000100000000)
  eden space 236544K, 100% used [0x00000000e0000000,0x00000000ee700000,0x00000000ee700000)
  from space 32768K, 27% used [0x00000000ee700000,0x00000000eefcbbf8,0x00000000f0700000)
  to   space 30208K, 0% used [0x00000000f2380000,0x00000000f2380000,0x00000000f4100000)
 ParOldGen       total 144896K, used 123074K [0x00000000a0000000, 0x00000000a8d80000, 0x00000000e0000000)
  object space 144896K, 84% used [0x00000000a0000000,0x00000000a7830bd0,0x00000000a8d80000)
 Metaspace       used 101336K, capacity 105626K, committed 105944K, reserved 1140736K
  class space    used 12755K, capacity 13669K, committed 13824K, reserved 1048576K
Event: 3587.405 GC heap after
Heap after GC invocations=79 (full 7):
 PSYoungGen      total 259584K, used 30190K [0x00000000e0000000, 0x00000000f9500000, 0x0000000100000000)
  eden space 229376K, 0% used [0x00000000e0000000,0x00000000e0000000,0x00000000ee000000)
  from space 30208K, 99% used [0x00000000f2380000,0x00000000f40fb8b0,0x00000000f4100000)
  to   space 69120K, 0% used [0x00000000ee000000,0x00000000ee000000,0x00000000f2380000)
 ParOldGen       total 212480K, used 212334K [0x00000000a0000000, 0x00000000acf80000, 0x00000000e0000000)
  object space 212480K, 99% used [0x00000000a0000000,0x00000000acf5bb90,0x00000000acf80000)
 Metaspace       used 101336K, capacity 105626K, committed 105944K, reserved 1140736K
  class space    used 12755K, capacity 13669K, committed 13824K, reserved 1048576K
}
Event: 3587.405 GC heap before
{Heap before GC invocations=80 (full 8):
 PSYoungGen      total 259584K, used 30190K [0x00000000e0000000, 0x00000000f9500000, 0x0000000100000000)
  eden space 229376K, 0% used [0x00000000e0000000,0x00000000e0000000,0x00000000ee000000)
  from space 30208K, 99% used [0x00000000f2380000,0x00000000f40fb8b0,0x00000000f4100000)
  to   space 69120K, 0% used [0x00000000ee000000,0x00000000ee000000,0x00000000f2380000)
 ParOldGen       total 212480K, used 212334K [0x00000000a0000000, 0x00000000acf80000, 0x00000000e0000000)
  object space 212480K, 99% used [0x00000000a0000000,0x00000000acf5bb90,0x00000000acf80000)
 Metaspace       used 101336K, capacity 105626K, committed 105944K, reserved 1140736K
  class space    used 12755K, capacity 13669K, committed 13824K, reserved 1048576K
Event: 3589.780 GC heap after
Heap after GC invocations=80 (full 8):
 PSYoungGen      total 259584K, used 0K [0x00000000e0000000, 0x00000000f9500000, 0x0000000100000000)
  eden space 229376K, 0% used [0x00000000e0000000,0x00000000e0000000,0x00000000ee000000)
  from space 30208K, 0% used [0x00000000f2380000,0x00000000f2380000,0x00000000f4100000)
  to   space 69120K, 0% used [0x00000000ee000000,0x00000000ee000000,0x00000000f2380000)
 ParOldGen       total 285184K, used 195563K [0x00000000a0000000, 0x00000000b1680000, 0x00000000e0000000)
  object space 285184K, 68% used [0x00000000a0000000,0x00000000abefadd8,0x00000000b1680000)
 Metaspace       used 100861K, capacity 104624K, committed 105944K, reserved 1140736K
  class space    used 12651K, capacity 13466K, committed 13824K, reserved 1048576K
}
Event: 3593.586 GC heap before
{Heap before GC invocations=81 (full 8):
 PSYoungGen      total 259584K, used 229376K [0x00000000e0000000, 0x00000000f9500000, 0x0000000100000000)
  eden space 229376K, 100% used [0x00000000e0000000,0x00000000ee000000,0x00000000ee000000)
  from space 30208K, 0% used [0x00000000f2380000,0x00000000f2380000,0x00000000f4100000)
  to   space 69120K, 0% used [0x00000000ee000000,0x00000000ee000000,0x00000000f2380000)
 ParOldGen       total 285184K, used 195563K [0x00000000a0000000, 0x00000000b1680000, 0x00000000e0000000)
  object space 285184K, 68% used [0x00000000a0000000,0x00000000abefadd8,0x00000000b1680000)
 Metaspace       used 100977K, capacity 104710K, committed 105944K, reserved 1140736K
  class space    used 12656K, capacity 13469K, committed 13824K, reserved 1048576K
Event: 3593.667 GC heap after
Heap after GC invocations=81 (full 8):
 PSYoungGen      total 298496K, used 39890K [0x00000000e0000000, 0x00000000f8e00000, 0x0000000100000000)
  eden space 229376K, 0% used [0x00000000e0000000,0x00000000e0000000,0x00000000ee000000)
  from space 69120K, 57% used [0x00000000ee000000,0x00000000f06f48b8,0x00000000f2380000)
  to   space 71168K, 0% used [0x00000000f4880000,0x00000000f4880000,0x00000000f8e00000)
 ParOldGen       total 285184K, used 195571K [0x00000000a0000000, 0x00000000b1680000, 0x00000000e0000000)
  object space 285184K, 68% used [0x00000000a0000000,0x00000000abefcdd8,0x00000000b1680000)
 Metaspace       used 100977K, capacity 104710K, committed 105944K, reserved 1140736K
  class space    used 12656K, capacity 13469K, committed 13824K, reserved 1048576K
}
Event: 3619.699 GC heap before
{Heap before GC invocations=82 (full 8):
 PSYoungGen      total 298496K, used 269266K [0x00000000e0000000, 0x00000000f8e00000, 0x0000000100000000)
  eden space 229376K, 100% used [0x00000000e0000000,0x00000000ee000000,0x00000000ee000000)
  from space 69120K, 57% used [0x00000000ee000000,0x00000000f06f48b8,0x00000000f2380000)
  to   space 71168K, 0% used [0x00000000f4880000,0x00000000f4880000,0x00000000f8e00000)
 ParOldGen       total 285184K, used 195571K [0x00000000a0000000, 0x00000000b1680000, 0x00000000e0000000)
  object space 285184K, 68% used [0x00000000a0000000,0x00000000abefcdd8,0x00000000b1680000)
 Metaspace       used 101049K, capacity 104786K, committed 105944K, reserved 1140736K
  class space    used 12659K, capacity 13473K, committed 13824K, reserved 1048576K
Event: 3619.762 GC heap after
Heap after GC invocations=82 (full 8):
 PSYoungGen      total 327680K, used 59437K [0x00000000e0000000, 0x00000000f9d00000, 0x0000000100000000)
  eden space 256512K, 0% used [0x00000000e0000000,0x00000000e0000000,0x00000000efa80000)
  from space 71168K, 83% used [0x00000000f4880000,0x00000000f828b598,0x00000000f8e00000)
  to   space 79872K, 0% used [0x00000000efa80000,0x00000000efa80000,0x00000000f4880000)
 ParOldGen       total 285184K, used 204530K [0x00000000a0000000, 0x00000000b1680000, 0x00000000e0000000)
  object space 285184K, 71% used [0x00000000a0000000,0x00000000ac7bcb90,0x00000000b1680000)
 Metaspace       used 101049K, capacity 104786K, committed 105944K, reserved 1140736K
  class space    used 12659K, capacity 13473K, committed 13824K, reserved 1048576K
}
Event: 3621.609 GC heap before
{Heap before GC invocations=83 (full 8):
 PSYoungGen      total 327680K, used 315949K [0x00000000e0000000, 0x00000000f9d00000, 0x0000000100000000)
  eden space 256512K, 100% used [0x00000000e0000000,0x00000000efa80000,0x00000000efa80000)
  from space 71168K, 83% used [0x00000000f4880000,0x00000000f828b598,0x00000000f8e00000)
  to   space 79872K, 0% used [0x00000000efa80000,0x00000000efa80000,0x00000000f4880000)
 ParOldGen       total 285184K, used 204530K [0x00000000a0000000, 0x00000000b1680000, 0x00000000e0000000)
  object space 285184K, 71% used [0x00000000a0000000,0x00000000ac7bcb90,0x00000000b1680000)
 Metaspace       used 101110K, capacity 104854K, committed 105944K, reserved 1140736K
  class space    used 12659K, capacity 13473K, committed 13824K, reserved 1048576K
Event: 3621.826 GC heap after
Heap after GC invocations=83 (full 8):
 PSYoungGen      total 336384K, used 79850K [0x00000000e0000000, 0x00000000ff200000, 0x0000000100000000)
  eden space 256512K, 0% used [0x00000000e0000000,0x00000000e0000000,0x00000000efa80000)
  from space 79872K, 99% used [0x00000000efa80000,0x00000000f487a9e8,0x00000000f4880000)
  to   space 105984K, 0% used [0x00000000f8a80000,0x00000000f8a80000,0x00000000ff200000)
 ParOldGen       total 285184K, used 234923K [0x00000000a0000000, 0x00000000b1680000, 0x00000000e0000000)
  object space 285184K, 82% used [0x00000000a0000000,0x00000000ae56ac98,0x00000000b1680000)
 Metaspace       used 101110K, capacity 104854K, committed 105944K, reserved 1140736K
  class space    used 12659K, capacity 13473K, committed 13824K, reserved 1048576K
}

Deoptimization events (10 events):
Event: 3620.002 Thread 0x000000001984a800 Uncommon trap: reason=unstable_if action=reinterpret pc=0x0000000002fa4f74 method=com.android.tools.r8.utils.IdentifierUtils.isSimpleNameChar(I)Z @ 45
Event: 3620.003 Thread 0x000000001984a800 Uncommon trap: reason=unstable_if action=reinterpret pc=0x0000000005f77640 method=com.android.tools.r8.utils.IdentifierUtils.isSimpleNameChar(I)Z @ 45
Event: 3620.296 Thread 0x000000001984a800 Uncommon trap: reason=array_check action=maybe_recompile pc=0x0000000005f0dbc8 method=java.util.TimSort.mergeHi(IIII)V @ 171
Event: 3620.296 Thread 0x000000001984a800 Uncommon trap: reason=array_check action=maybe_recompile pc=0x0000000005f0dbc8 method=java.util.TimSort.mergeHi(IIII)V @ 171
Event: 3620.296 Thread 0x000000001984a800 Uncommon trap: reason=array_check action=maybe_recompile pc=0x000000000690b9bc method=java.util.TimSort.mergeLo(IIII)V @ 468
Event: 3620.296 Thread 0x000000001984a800 Uncommon trap: reason=array_check action=maybe_recompile pc=0x000000000690b9bc method=java.util.TimSort.mergeLo(IIII)V @ 468
Event: 3620.673 Thread 0x0000000019850800 Uncommon trap: reason=unstable_if action=reinterpret pc=0x00000000063790b4 method=java.util.concurrent.ForkJoinPool.helpStealer(Ljava/util/concurrent/ForkJoinPool$WorkQueue;Ljava/util/concurrent/ForkJoinTask;)V @ 149
Event: 3620.706 Thread 0x0000000019850800 Uncommon trap: reason=unstable_if action=reinterpret pc=0x000000000419c3f0 method=java.util.concurrent.ForkJoinPool.tryCompensate(Ljava/util/concurrent/ForkJoinPool$WorkQueue;)Z @ 59
Event: 3621.843 Thread 0x0000000019849000 Uncommon trap: reason=array_check action=maybe_recompile pc=0x00000000066c4b00 method=java.util.TimSort.mergeLo(IIII)V @ 590
Event: 3621.843 Thread 0x0000000019849000 Uncommon trap: reason=array_check action=maybe_recompile pc=0x00000000066c4b00 method=java.util.TimSort.mergeLo(IIII)V @ 590

Classes redefined (0 events):
No events

Internal exceptions (10 events):
Event: 3620.044 Thread 0x000000001984a800 Exception <a 'sun/nio/fs/WindowsException'> (0x00000000e5032d68) thrown at [D:\src\AOSP-openjdk-cygwin\jdk8u\hotspot\src\share\vm\prims\jni.cpp, line 709]
Event: 3620.062 Thread 0x0000000019847800 Exception <a 'sun/nio/fs/WindowsException'> (0x00000000e5529e40) thrown at [D:\src\AOSP-openjdk-cygwin\jdk8u\hotspot\src\share\vm\prims\jni.cpp, line 709]
Event: 3620.074 Thread 0x000000001984a800 Exception <a 'sun/nio/fs/WindowsException'> (0x00000000e58e6648) thrown at [D:\src\AOSP-openjdk-cygwin\jdk8u\hotspot\src\share\vm\prims\jni.cpp, line 709]
Event: 3620.206 Thread 0x0000000019852000 Exception <a 'sun/nio/fs/WindowsException'> (0x00000000e6c420c8) thrown at [D:\src\AOSP-openjdk-cygwin\jdk8u\hotspot\src\share\vm\prims\jni.cpp, line 709]
Event: 3620.304 Thread 0x000000001984a800 Exception <a 'sun/nio/fs/WindowsException'> (0x00000000e7743d68) thrown at [D:\src\AOSP-openjdk-cygwin\jdk8u\hotspot\src\share\vm\prims\jni.cpp, line 709]
Event: 3620.324 Thread 0x0000000019852000 Exception <a 'sun/nio/fs/WindowsException'> (0x00000000e7b591e8) thrown at [D:\src\AOSP-openjdk-cygwin\jdk8u\hotspot\src\share\vm\prims\jni.cpp, line 709]
Event: 3620.574 Thread 0x000000001984a000 Exception <a 'sun/nio/fs/WindowsException'> (0x00000000e8b20740) thrown at [D:\src\AOSP-openjdk-cygwin\jdk8u\hotspot\src\share\vm\prims\jni.cpp, line 709]
Event: 3620.605 Thread 0x0000000019851800 Exception <a 'sun/nio/fs/WindowsException'> (0x00000000e88a9fd0) thrown at [D:\src\AOSP-openjdk-cygwin\jdk8u\hotspot\src\share\vm\prims\jni.cpp, line 709]
Event: 3622.044 Thread 0x0000000019849000 Exception <a 'sun/nio/fs/WindowsException'> (0x00000000e32affc0) thrown at [D:\src\AOSP-openjdk-cygwin\jdk8u\hotspot\src\share\vm\prims\jni.cpp, line 709]
Event: 3622.074 Thread 0x0000000019849000 Exception <a 'java/lang/OutOfMemoryError'> (0x00000000e32b0920) thrown at [D:\src\AOSP-openjdk-cygwin\jdk8u\hotspot\src\share\vm\prims\unsafe.cpp, line 634]

Events (10 events):
Event: 3621.609 Executing VM operation: ParallelGCFailedAllocation
Event: 3621.826 Executing VM operation: ParallelGCFailedAllocation done
Event: 3621.843 Thread 0x0000000019849000 Uncommon trap: trap_request=0xffffffd6 fr.pc=0x00000000066c4b00
Event: 3621.843 Thread 0x0000000019849000 DEOPT PACKING pc=0x00000000066c4b00 sp=0x000000002c1fed10
Event: 3621.843 Thread 0x0000000019849000 DEOPT UNPACKING pc=0x0000000002c1557b sp=0x000000002c1fed08 mode 2
Event: 3621.843 Thread 0x0000000019849000 Uncommon trap: trap_request=0xffffffd6 fr.pc=0x00000000066c4b00
Event: 3621.843 Thread 0x0000000019849000 DEOPT PACKING pc=0x00000000066c4b00 sp=0x000000002c1fed10
Event: 3621.843 Thread 0x0000000019849000 DEOPT UNPACKING pc=0x0000000002c1557b sp=0x000000002c1fed08 mode 2
Event: 3621.859 Thread 0x0000000019852000 DEOPT PACKING pc=0x000000000600a250 sp=0x000000002c4fee70
Event: 3621.859 Thread 0x0000000019852000 DEOPT UNPACKING pc=0x0000000002c175d0 sp=0x000000002c4fec38 mode 0


Dynamic libraries:
0x00007ff763d40000 - 0x00007ff763d71000 	D:\Admin\Other\android-studio-3.2\android-studio\jre\bin\java.exe
0x00007ffc5c3f0000 - 0x00007ffc5c5d1000 	C:\WINDOWS\SYSTEM32\ntdll.dll
0x00007ffc59e60000 - 0x00007ffc59f12000 	C:\WINDOWS\System32\KERNEL32.DLL
0x00007ffc58820000 - 0x00007ffc58a93000 	C:\WINDOWS\System32\KERNELBASE.dll
0x00007ffc59a80000 - 0x00007ffc59b21000 	C:\WINDOWS\System32\ADVAPI32.dll
0x00007ffc59f40000 - 0x00007ffc59fde000 	C:\WINDOWS\System32\msvcrt.dll
0x00007ffc5bf60000 - 0x00007ffc5bfbb000 	C:\WINDOWS\System32\sechost.dll
0x00007ffc5c150000 - 0x00007ffc5c274000 	C:\WINDOWS\System32\RPCRT4.dll
0x00007ffc5bfc0000 - 0x00007ffc5c150000 	C:\WINDOWS\System32\USER32.dll
0x00007ffc58ba0000 - 0x00007ffc58bc0000 	C:\WINDOWS\System32\win32u.dll
0x00007ffc5bae0000 - 0x00007ffc5bb08000 	C:\WINDOWS\System32\GDI32.dll
0x00007ffc593c0000 - 0x00007ffc59552000 	C:\WINDOWS\System32\gdi32full.dll
0x00007ffc58c10000 - 0x00007ffc58caf000 	C:\WINDOWS\System32\msvcp_win.dll
0x00007ffc58aa0000 - 0x00007ffc58b9a000 	C:\WINDOWS\System32\ucrtbase.dll
0x00007ffc4d770000 - 0x00007ffc4d9d9000 	C:\WINDOWS\WinSxS\amd64_microsoft.windows.common-controls_6595b64144ccf1df_6.0.17134.165_none_fb429645306569ac\COMCTL32.dll
0x00007ffc59b30000 - 0x00007ffc59e53000 	C:\WINDOWS\System32\combase.dll
0x00007ffc59800000 - 0x00007ffc5987a000 	C:\WINDOWS\System32\bcryptPrimitives.dll
0x00007ffc5a3f0000 - 0x00007ffc5a41d000 	C:\WINDOWS\System32\IMM32.DLL
0x000000005ad70000 - 0x000000005ae42000 	D:\Admin\Other\android-studio-3.2\android-studio\jre\jre\bin\msvcr100.dll
0x000000005af30000 - 0x000000005b771000 	D:\Admin\Other\android-studio-3.2\android-studio\jre\jre\bin\server\jvm.dll
0x00007ffc5b8e0000 - 0x00007ffc5b8e8000 	C:\WINDOWS\System32\PSAPI.DLL
0x00007ffc48360000 - 0x00007ffc48369000 	C:\WINDOWS\SYSTEM32\WSOCK32.dll
0x00007ffc563c0000 - 0x00007ffc563e3000 	C:\WINDOWS\SYSTEM32\WINMM.dll
0x00007ffc5b870000 - 0x00007ffc5b8dc000 	C:\WINDOWS\System32\WS2_32.dll
0x00007ffc4df30000 - 0x00007ffc4df3a000 	C:\WINDOWS\SYSTEM32\VERSION.dll
0x00007ffc562b0000 - 0x00007ffc562da000 	C:\WINDOWS\SYSTEM32\WINMMBASE.dll
0x00007ffc58bc0000 - 0x00007ffc58c09000 	C:\WINDOWS\System32\cfgmgr32.dll
0x00007ffc553c0000 - 0x00007ffc553cf000 	D:\Admin\Other\android-studio-3.2\android-studio\jre\jre\bin\verify.dll
0x00007ffc51740000 - 0x00007ffc51769000 	D:\Admin\Other\android-studio-3.2\android-studio\jre\jre\bin\java.dll
0x00007ffc55250000 - 0x00007ffc55266000 	D:\Admin\Other\android-studio-3.2\android-studio\jre\jre\bin\zip.dll
0x00007ffc5a430000 - 0x00007ffc5b870000 	C:\WINDOWS\System32\SHELL32.dll
0x00007ffc5b970000 - 0x00007ffc5ba19000 	C:\WINDOWS\System32\shcore.dll
0x00007ffc58cb0000 - 0x00007ffc593bd000 	C:\WINDOWS\System32\windows.storage.dll
0x00007ffc5c350000 - 0x00007ffc5c3a1000 	C:\WINDOWS\System32\shlwapi.dll
0x00007ffc58750000 - 0x00007ffc58761000 	C:\WINDOWS\System32\kernel.appcore.dll
0x00007ffc58730000 - 0x00007ffc5874f000 	C:\WINDOWS\System32\profapi.dll
0x00007ffc58770000 - 0x00007ffc587bc000 	C:\WINDOWS\System32\powrprof.dll
0x00007ffc58700000 - 0x00007ffc5870a000 	C:\WINDOWS\System32\FLTLIB.DLL
0x00007ffc51550000 - 0x00007ffc5156a000 	D:\Admin\Other\android-studio-3.2\android-studio\jre\jre\bin\net.dll
0x00007ffc57f70000 - 0x00007ffc57fd6000 	C:\WINDOWS\system32\mswsock.dll
0x00007ffc50d40000 - 0x00007ffc50d51000 	D:\Admin\Other\android-studio-3.2\android-studio\jre\jre\bin\nio.dll
0x00007ffc50140000 - 0x00007ffc5015e000 	C:\Users\Admin\.gradle\native\25\windows-amd64\native-platform.dll
0x00007ffc54d00000 - 0x00007ffc54d0d000 	D:\Admin\Other\android-studio-3.2\android-studio\jre\jre\bin\management.dll
0x00007ffc58120000 - 0x00007ffc58137000 	C:\WINDOWS\SYSTEM32\CRYPTSP.dll
0x00007ffc57b00000 - 0x00007ffc57b33000 	C:\WINDOWS\system32\rsaenh.dll
0x00007ffc58260000 - 0x00007ffc58285000 	C:\WINDOWS\SYSTEM32\bcrypt.dll
0x00007ffc58630000 - 0x00007ffc58658000 	C:\WINDOWS\SYSTEM32\USERENV.dll
0x00007ffc58140000 - 0x00007ffc5814b000 	C:\WINDOWS\SYSTEM32\CRYPTBASE.dll
0x00007ffc57ca0000 - 0x00007ffc57cd8000 	C:\WINDOWS\SYSTEM32\IPHLPAPI.DLL
0x00007ffc5c3b0000 - 0x00007ffc5c3b8000 	C:\WINDOWS\System32\NSI.dll
0x00007ffc4df90000 - 0x00007ffc4dfa6000 	C:\WINDOWS\SYSTEM32\dhcpcsvc6.DLL
0x00007ffc4e330000 - 0x00007ffc4e34a000 	C:\WINDOWS\SYSTEM32\dhcpcsvc.DLL
0x00007ffc51650000 - 0x00007ffc51674000 	D:\Admin\Other\android-studio-3.2\android-studio\jre\jre\bin\sunec.dll
0x00007ffc57ce0000 - 0x00007ffc57d9e000 	C:\WINDOWS\SYSTEM32\DNSAPI.dll
0x00007ffc4c4e0000 - 0x00007ffc4c4ea000 	C:\Windows\System32\rasadhlp.dll
0x00007ffc4dcb0000 - 0x00007ffc4dd22000 	C:\WINDOWS\System32\fwpuclnt.dll
0x00007ffc519b0000 - 0x00007ffc519bb000 	D:\Admin\Other\android-studio-3.2\android-studio\jre\jre\bin\sunmscapi.dll
0x00007ffc59560000 - 0x00007ffc59742000 	C:\WINDOWS\System32\CRYPT32.dll
0x00007ffc58710000 - 0x00007ffc58722000 	C:\WINDOWS\System32\MSASN1.dll
0x00007ffc4f8a0000 - 0x00007ffc4f8be000 	C:\Users\Admin\AppData\Local\Temp\native-platform7493292018665331568dir\native-platform.dll

VM Arguments:
jvm_args: -Xmx1536m -Dfile.encoding=windows-1252 -Duser.country=US -Duser.language=en -Duser.variant 
java_command: org.gradle.launcher.daemon.bootstrap.GradleDaemon 4.6
java_class_path (initial): C:\Users\Admin\.gradle\wrapper\dists\gradle-4.6-all\bcst21l2brirad8k2ben1letg\gradle-4.6\lib\gradle-launcher-4.6.jar
Launcher Type: SUN_STANDARD

Environment Variables:
JAVA_HOME=C:\Program Files\Java\jdk-9.0.1
PATH=C:\ProgramData\Oracle\Java\javapath;C:\Program Files (x86)\Intel\iCLS Client\;C:\Program Files\Intel\iCLS Client\;C:\WINDOWS\system32;C:\WINDOWS;C:\WINDOWS\System32\Wbem;C:\WINDOWS\System32\WindowsPowerShell\v1.0\;C:\Program Files (x86)\Intel\Intel(R) Management Engine Components\DAL;C:\Program Files\Intel\Intel(R) Management Engine Components\DAL;C:\Program Files (x86)\Intel\Intel(R) Management Engine Components\IPT;C:\Program Files\Intel\Intel(R) Management Engine Components\IPT;C:\MinGW\bin;C:\Program Files\Java\jdk-9.0.1\bin;C:\Program Files\nodejs\;D:\Admin\Other\kotlinc\bin;C:\Program Files\Git\cmd;C:\WINDOWS\System32\OpenSSH\;C:\Program Files (x86)\Brackets\command;C:\Program Files\Dart\dart-sdk\bin;C:\Users\Admin\AppData\Roaming\Pub\Cache\bin\stagehand;;C:\Program Files\Microsoft VS Code\bin;C:\Ruby25-x64\bin;C:\Users\Admin\AppData\Local\Programs\Python\Python36-32\Scripts\;C:\Users\Admin\AppData\Local\Programs\Python\Python36-32\;C:\Users\Admin\.cargo\bin;C:\Users\Admin\AppData\Local\Microsoft\WindowsApps;C:\Program Files\Microsoft VS Code\bin;C:\Users\Admin\AppData\Roaming\npm;C:\flutter\bin;C:\Users\Admin\AppData\Roaming\Pub\Cache\bin\stagehand;C:\Program Files\heroku\bin
USERNAME=Peter Hoc
OS=Windows_NT
PROCESSOR_IDENTIFIER=Intel64 Family 6 Model 142 Stepping 9, GenuineIntel



---------------  S Y S T E M  ---------------

OS: Windows 10.0 , 64 bit Build 17134 (10.0.17134.1)

CPU:total 4 (initial active 4) (2 cores per cpu, 2 threads per core) family 6 model 142 stepping 9, cmov, cx8, fxsr, mmx, sse, sse2, sse3, ssse3, sse4.1, sse4.2, popcnt, avx, avx2, aes, clmul, erms, 3dnowpref, lzcnt, ht, tsc, tscinvbit, bmi1, bmi2, adx

Memory: 4k page, physical 3984428k(276368k free), swap 6808620k(5344k free)

vm_info: OpenJDK 64-Bit Server VM (25.152-b04) for windows-amd64 JRE (1.8.0_152-release-1136-b04), built by "builder" with MS VC++ 10.0 (VS2010)

time: Sat Jul 28 08:54:32 2018
elapsed time: 3622 seconds (0d 1h 0m 22s)

